AUTOCREATE
2016-02-22T12:25:21+01:00 : Document_Tag_Translate used in /var/www/html/beachbody/pimcore/lib/Pimcore/Tool.php at line 616
2016-02-22T12:25:31+01:00 : Document_Tag_Translate used in /var/www/html/beachbody/pimcore/lib/Pimcore/Tool.php at line 616
2016-02-22T12:26:14+01:00 : Document_Tag_Translate used in /var/www/html/beachbody/pimcore/lib/Pimcore/Tool.php at line 616
2016-02-22T12:27:52+01:00 : Document_Tag_Translate used in /var/www/html/beachbody/pimcore/lib/Pimcore/Tool.php at line 616
2016-02-22T12:27:53+01:00 : Document_Tag_Translate used in /var/www/html/beachbody/pimcore/lib/Pimcore/Tool.php at line 616
2016-02-22T12:28:08+01:00 : Document_Tag_Translate used in /var/www/html/beachbody/pimcore/lib/Pimcore/Tool.php at line 616
2016-02-22T12:28:09+01:00 : Document_Tag_Translate used in /var/www/html/beachbody/pimcore/lib/Pimcore/Tool.php at line 616
2016-02-22T12:33:22+01:00 : Document_Tag_Translate used in /var/www/html/beachbody/pimcore/lib/Pimcore/Tool.php at line 616
2016-02-22T12:33:26+01:00 : Document_Tag_Translate used in /var/www/html/beachbody/pimcore/lib/Pimcore/Tool.php at line 616
2016-02-22T12:34:24+01:00 : Document_Tag_Translate used in /var/www/html/beachbody/pimcore/lib/Pimcore/Tool.php at line 616
2016-02-22T12:42:08+01:00 : Document_Tag_Translate used in /var/www/html/beachbody/pimcore/lib/Pimcore/Tool.php at line 616
2016-02-22T12:42:11+01:00 : Document_Tag_Translate used in /var/www/html/beachbody/pimcore/lib/Pimcore/Tool.php at line 616
2016-02-22T12:58:21+01:00 : Document_Tag_Translate used in /var/www/html/beachbody/pimcore/lib/Pimcore/Tool.php at line 616
2016-02-22T12:59:26+01:00 : Document_Tag_Translate used in /var/www/html/beachbody/pimcore/lib/Pimcore/Tool.php at line 616
2016-02-22T12:59:29+01:00 : Document_Tag_Translate used in /var/www/html/beachbody/pimcore/lib/Pimcore/Tool.php at line 616
2016-02-22T13:04:50+01:00 : Document_Tag_Translate used in /var/www/html/beachbody/pimcore/lib/Pimcore/Tool.php at line 616
2016-02-22T13:04:52+01:00 : Document_Tag_Translate used in /var/www/html/beachbody/pimcore/lib/Pimcore/Tool.php at line 616
2016-02-22T13:05:25+01:00 : Document_Tag_Translate used in /var/www/html/beachbody/pimcore/lib/Pimcore/Tool.php at line 616
2016-02-22T13:09:45+01:00 : Document_Tag_Translate used in /var/www/html/beachbody/pimcore/lib/Pimcore/Tool.php at line 616
2016-02-22T13:10:06+01:00 : Document_Tag_Translate used in /var/www/html/beachbody/pimcore/lib/Pimcore/Tool.php at line 616
2016-02-22T15:15:06+01:00 : Document_Tag_Translate used in /var/www/html/beachbody/pimcore/lib/Pimcore/Tool.php at line 616
2016-02-22T15:31:38+01:00 : Document_Tag_Translate used in /var/www/html/beachbody/pimcore/lib/Pimcore/Tool.php at line 616
2016-02-23T05:17:11+01:00 : Document_Tag_Translate used in /var/www/html/beachbody/pimcore/lib/Pimcore/Tool.php at line 616
2016-02-23T05:17:18+01:00 : Document_Tag_Translate used in /var/www/html/beachbody/pimcore/lib/Pimcore/Tool.php at line 616
2016-02-23T05:17:35+01:00 : Document_Tag_Translate used in /var/www/html/beachbody/pimcore/lib/Pimcore/Tool.php at line 616
2016-02-23T05:17:51+01:00 : Document_Tag_Translate used in /var/www/html/beachbody/pimcore/lib/Pimcore/Tool.php at line 616
2016-02-23T05:18:11+01:00 : Document_Tag_Translate used in /var/www/html/beachbody/pimcore/lib/Pimcore/Tool.php at line 616
2016-02-23T05:26:06+01:00 : Document_Tag_Translate used in /var/www/html/beachbody/pimcore/lib/Pimcore/Tool.php at line 616
2016-02-23T05:33:54+01:00 : Document_Tag_Translate used in /var/www/html/beachbody/pimcore/lib/Pimcore/Tool.php at line 616
2016-02-23T05:34:13+01:00 : Document_Tag_Translate used in /var/www/html/beachbody/pimcore/lib/Pimcore/Tool.php at line 616
2016-02-23T05:34:24+01:00 : Document_Tag_Translate used in /var/www/html/beachbody/pimcore/lib/Pimcore/Tool.php at line 616
2016-02-23T05:37:32+01:00 : Document_Tag_Translate used in /var/www/html/beachbody/pimcore/lib/Pimcore/Tool.php at line 616
2016-02-23T05:45:37+01:00 : Document_Tag_Translate used in /var/www/html/beachbody/pimcore/lib/Pimcore/Tool.php at line 616
2016-02-23T07:55:04+01:00 : Object\ClassDefinition\Data\Checkbox used in /var/www/html/beachbody/pimcore/lib/Pimcore/Tool.php at line 616
2016-02-23T07:55:04+01:00 : Object\ClassDefinition\Layout\Panel used in /var/www/html/beachbody/pimcore/lib/Pimcore/Tool.php at line 616
2016-02-23T07:55:04+01:00 : Object\ClassDefinition\Data\Image used in /var/www/html/beachbody/pimcore/lib/Pimcore/Tool.php at line 616
