AUTOCREATE
2016-02-22T12:25:21+01:00 : 0|admin|login|index|[]
2016-02-22T12:25:31+01:00 : 0|admin|login|login|{"username":"admin"}
2016-02-22T12:25:31+01:00 : 2|admin|index|index|[]
2016-02-22T12:25:31+01:00 : 2|admin|user|get-current-user|[]
2016-02-22T12:25:31+01:00 : 2|admin|misc|available-languages|[]
2016-02-22T12:25:31+01:00 : 2|admin|misc|json-translations-admin|{"language":"en"}
2016-02-22T12:25:31+01:00 : 2|admin|user|get-image|[]
2016-02-22T12:25:31+01:00 : 2|admin|misc|json-translations-system|{"language":"en"}
2016-02-22T12:25:32+01:00 : 2|admin|misc|admin-css|[]
2016-02-22T12:26:13+01:00 : 2|admin|document|doc-types|{"xaction":"read"}
2016-02-22T12:26:14+01:00 : 2|admin|settings|get-available-admin-languages|[]
2016-02-22T12:26:14+01:00 : 2|admin|settings|get-available-sites|[]
2016-02-22T12:26:14+01:00 : 2|admin|class|get-tree|[]
2016-02-22T12:26:14+01:00 : 2|reports|targeting|persona-list|[]
2016-02-22T12:26:14+01:00 : 2|admin|document|tree-get-root|{"id":"1"}
2016-02-22T12:26:14+01:00 : 2|admin|asset|tree-get-root|{"id":"1"}
2016-02-22T12:26:14+01:00 : 2|admin|portal|dashboard-list|[]
2016-02-22T12:26:14+01:00 : 2|admin|object|tree-get-root|{"id":"1"}
2016-02-22T12:26:14+01:00 : 2|admin|asset|tree-get-childs-by-id|{"limit":"50","start":"0","node":"1"}
2016-02-22T12:26:14+01:00 : 2|admin|document|tree-get-childs-by-id|{"limit":"50","start":"0","node":"1"}
2016-02-22T12:26:14+01:00 : 2|admin|object|tree-get-childs-by-id|{"limit":"30","start":"0","node":"1"}
2016-02-22T12:26:14+01:00 : 2|reports|custom-report|get-report-config|[]
2016-02-22T12:27:06+01:00 : 2|admin|settings|get-system|[]
2016-02-22T12:27:12+01:00 : 2|admin|misc|ping|[]
2016-02-22T12:27:15+01:00 : 2|admin|settings|set-system|{"data":"{\"general.timezone\":\"Europe\\\/Berlin\",\"ge..."}
2016-02-22T12:27:52+01:00 : 2|admin|index|index|[]
2016-02-22T12:27:52+01:00 : 2|admin|misc|json-translations-system|{"language":"en"}
2016-02-22T12:27:52+01:00 : 2|admin|user|get-current-user|[]
2016-02-22T12:27:52+01:00 : 2|admin|misc|json-translations-admin|{"language":"en"}
2016-02-22T12:27:52+01:00 : 2|admin|misc|available-languages|[]
2016-02-22T12:27:52+01:00 : 2|admin|user|get-image|[]
2016-02-22T12:27:52+01:00 : 2|admin|misc|admin-css|[]
2016-02-22T12:27:53+01:00 : 2|admin|class|get-tree|[]
2016-02-22T12:27:53+01:00 : 2|reports|targeting|persona-list|[]
2016-02-22T12:27:53+01:00 : 2|admin|settings|get-available-sites|[]
2016-02-22T12:27:53+01:00 : 2|admin|settings|get-available-admin-languages|[]
2016-02-22T12:27:53+01:00 : 2|admin|document|doc-types|{"xaction":"read"}
2016-02-22T12:27:53+01:00 : 2|admin|document|tree-get-root|{"id":"1"}
2016-02-22T12:27:53+01:00 : 2|admin|asset|tree-get-root|{"id":"1"}
2016-02-22T12:27:53+01:00 : 2|admin|portal|dashboard-list|[]
2016-02-22T12:27:53+01:00 : 2|admin|object|tree-get-root|{"id":"1"}
2016-02-22T12:27:53+01:00 : 2|admin|document|tree-get-childs-by-id|{"limit":"50","start":"0","node":"1"}
2016-02-22T12:27:53+01:00 : 2|admin|asset|tree-get-childs-by-id|{"limit":"50","start":"0","node":"1"}
2016-02-22T12:27:54+01:00 : 2|reports|custom-report|get-report-config|[]
2016-02-22T12:27:54+01:00 : 2|admin|object|tree-get-childs-by-id|{"limit":"30","start":"0","node":"1"}
2016-02-22T12:27:59+01:00 : 2|admin|settings|get-system|[]
2016-02-22T12:28:04+01:00 : 2|admin|settings|set-system|{"data":"{\"general.timezone\":\"Europe\\\/Berlin\",\"ge..."}
2016-02-22T12:28:08+01:00 : 2|admin|index|index|[]
2016-02-22T12:28:08+01:00 : 2|admin|user|get-current-user|[]
2016-02-22T12:28:09+01:00 : 2|admin|misc|json-translations-admin|{"language":"en"}
2016-02-22T12:28:09+01:00 : 2|admin|misc|available-languages|[]
2016-02-22T12:28:09+01:00 : 2|admin|user|get-image|[]
2016-02-22T12:28:09+01:00 : 2|admin|misc|admin-css|[]
2016-02-22T12:28:09+01:00 : 2|admin|misc|json-translations-system|{"language":"en"}
2016-02-22T12:28:09+01:00 : 2|admin|document|doc-types|{"xaction":"read"}
2016-02-22T12:28:09+01:00 : 2|admin|settings|get-available-sites|[]
2016-02-22T12:28:09+01:00 : 2|reports|targeting|persona-list|[]
2016-02-22T12:28:09+01:00 : 2|admin|settings|get-available-admin-languages|[]
2016-02-22T12:28:09+01:00 : 2|admin|class|get-tree|[]
2016-02-22T12:28:10+01:00 : 2|admin|document|tree-get-root|{"id":"1"}
2016-02-22T12:28:10+01:00 : 2|admin|asset|tree-get-root|{"id":"1"}
2016-02-22T12:28:10+01:00 : 2|admin|portal|dashboard-list|[]
2016-02-22T12:28:10+01:00 : 2|admin|object|tree-get-root|{"id":"1"}
2016-02-22T12:28:10+01:00 : 2|admin|document|tree-get-childs-by-id|{"limit":"50","start":"0","node":"1"}
2016-02-22T12:28:10+01:00 : 2|admin|asset|tree-get-childs-by-id|{"limit":"50","start":"0","node":"1"}
2016-02-22T12:28:10+01:00 : 2|reports|custom-report|get-report-config|[]
2016-02-22T12:28:10+01:00 : 2|admin|object|tree-get-childs-by-id|{"limit":"30","start":"0","node":"1"}
2016-02-22T12:28:30+01:00 : 2|admin|settings|get-system|[]
2016-02-22T12:29:09+01:00 : 2|admin|misc|ping|[]
2016-02-22T12:29:51+01:00 : 2|admin|user|tree-get-childs-by-id|{"node":"0"}
2016-02-22T12:29:52+01:00 : 2|admin|user|get|{"id":"2"}
2016-02-22T12:29:53+01:00 : 2|admin|user|get-image|{"id":"2"}
2016-02-22T12:30:09+01:00 : 2|admin|misc|ping|[]
2016-02-22T12:31:09+01:00 : 2|admin|misc|ping|[]
2016-02-22T12:32:09+01:00 : 2|admin|misc|ping|[]
2016-02-22T12:33:01+01:00 : 2|admin|class|get-tree|{"grouped":"1","node":"0"}
2016-02-22T12:33:09+01:00 : 2|admin|misc|ping|[]
2016-02-22T12:33:21+01:00 : 2|admin|class|add|{"name":"trainer"}
2016-02-22T12:33:22+01:00 : 2|admin|class|get-tree|[]
2016-02-22T12:33:22+01:00 : 2|admin|class|get-tree|{"grouped":"1","node":"0"}
2016-02-22T12:33:22+01:00 : 2|admin|class|get|{"id":"1"}
2016-02-22T12:33:22+01:00 : 2|admin|index|index|[]
2016-02-22T12:33:26+01:00 : 2|admin|index|index|[]
2016-02-22T12:33:39+01:00 : 2|admin|translation|add-admin-translation-keys|{"keys":"[\"trainer\"]"}
2016-02-22T12:34:09+01:00 : 2|admin|misc|ping|[]
2016-02-22T12:34:24+01:00 : 2|admin|index|index|[]
2016-02-22T12:35:09+01:00 : 2|admin|misc|ping|[]
2016-02-22T12:36:09+01:00 : 2|admin|misc|ping|[]
2016-02-22T12:37:09+01:00 : 2|admin|misc|ping|[]
2016-02-22T12:38:09+01:00 : 2|admin|misc|ping|[]
2016-02-22T12:39:09+01:00 : 2|admin|misc|ping|[]
2016-02-22T12:40:09+01:00 : 2|admin|misc|ping|[]
2016-02-22T12:41:09+01:00 : 2|admin|misc|ping|[]
2016-02-22T12:41:48+01:00 : 2|admin|class|save|{"configuration":"{\"childs\":[{\"name\":\"Layout\",\"datatype\":\"...","values":"{\"id\":1,\"name\":\"trainer\",\"description\":\"...","id":"1"}
2016-02-22T12:41:50+01:00 : 2|admin|class|get-tree|[]
2016-02-22T12:41:50+01:00 : 2|admin|class|get-tree|{"grouped":"1","node":"0"}
2016-02-22T12:42:07+01:00 : 2|admin|class|add|{"name":"program"}
2016-02-22T12:42:08+01:00 : 2|admin|class|get-tree|{"grouped":"1","node":"0"}
2016-02-22T12:42:08+01:00 : 2|admin|class|get-tree|[]
2016-02-22T12:42:08+01:00 : 2|admin|class|get|{"id":"2"}
2016-02-22T12:42:08+01:00 : 2|admin|index|index|[]
2016-02-22T12:42:09+01:00 : 2|admin|translation|add-admin-translation-keys|{"keys":"[\"program\"]"}
2016-02-22T12:42:09+01:00 : 2|admin|misc|ping|[]
2016-02-22T12:42:11+01:00 : 2|admin|index|index|[]
2016-02-22T12:42:45+01:00 : 2|admin|class|save|{"configuration":"{\"childs\":[{\"name\":\"Layout\",\"datatype\":\"...","values":"{\"id\":1,\"name\":\"trainer\",\"description\":\"...","id":"1"}
2016-02-22T12:42:45+01:00 : 2|admin|class|get-tree|{"grouped":"1","node":"0"}
2016-02-22T12:42:45+01:00 : 2|admin|class|get-tree|[]
2016-02-22T12:43:09+01:00 : 2|admin|misc|ping|[]
2016-02-22T12:43:11+01:00 : 2|admin|class|get-tree|[]
2016-02-22T12:44:09+01:00 : 2|admin|misc|ping|[]
2016-02-22T12:45:09+01:00 : 2|admin|misc|ping|[]
2016-02-22T12:46:09+01:00 : 2|admin|misc|ping|[]
2016-02-22T12:47:09+01:00 : 2|admin|misc|ping|[]
2016-02-22T12:48:09+01:00 : 2|admin|misc|ping|[]
2016-02-22T12:49:09+01:00 : 2|admin|misc|ping|[]
2016-02-22T12:50:09+01:00 : 2|admin|misc|ping|[]
2016-02-22T12:51:09+01:00 : 2|admin|misc|ping|[]
2016-02-22T12:52:09+01:00 : 2|admin|misc|ping|[]
2016-02-22T12:53:09+01:00 : 2|admin|misc|ping|[]
2016-02-22T12:54:09+01:00 : 2|admin|misc|ping|[]
2016-02-22T12:55:09+01:00 : 2|admin|misc|ping|[]
2016-02-22T12:56:09+01:00 : 2|admin|misc|ping|[]
2016-02-22T12:57:09+01:00 : 2|admin|misc|ping|[]
2016-02-22T12:58:09+01:00 : 2|admin|misc|ping|[]
2016-02-22T12:58:20+01:00 : 2|admin|class|get|{"id":"1"}
2016-02-22T12:58:21+01:00 : 2|admin|index|index|[]
2016-02-22T12:58:57+01:00 : 2|admin|class|save|{"configuration":"{\"childs\":[{\"name\":\"Layout\",\"datatype\":\"...","values":"{\"id\":1,\"name\":\"trainer\",\"description\":\"...","id":"1"}
2016-02-22T12:59:01+01:00 : 2|admin|class|get-tree|[]
2016-02-22T12:59:01+01:00 : 2|admin|class|get-tree|{"grouped":"1","node":"0"}
2016-02-22T12:59:09+01:00 : 2|admin|misc|ping|[]
2016-02-22T12:59:25+01:00 : 2|admin|class|get|{"id":"2"}
2016-02-22T12:59:26+01:00 : 2|admin|index|index|[]
2016-02-22T12:59:29+01:00 : 2|admin|index|index|[]
2016-02-22T13:00:09+01:00 : 2|admin|misc|ping|[]
2016-02-22T13:00:18+01:00 : 2|admin|class|get-tree|[]
2016-02-22T13:00:51+01:00 : 2|admin|class|save|{"configuration":"{\"childs\":[{\"name\":\"Layout\",\"datatype\":\"...","values":"{\"id\":2,\"name\":\"program\",\"description\":\"...","id":"2"}
2016-02-22T13:00:51+01:00 : 2|admin|class|get-tree|{"grouped":"1","node":"0"}
2016-02-22T13:00:51+01:00 : 2|admin|class|get-tree|[]
2016-02-22T13:01:09+01:00 : 2|admin|misc|ping|[]
2016-02-22T13:02:09+01:00 : 2|admin|misc|ping|[]
2016-02-22T13:03:08+01:00 : 2|admin|class|save|{"configuration":"{\"childs\":[{\"name\":\"Layout\",\"datatype\":\"...","values":"{\"id\":2,\"name\":\"program\",\"description\":\"...","id":"2"}
2016-02-22T13:03:09+01:00 : 2|admin|misc|ping|[]
2016-02-22T13:03:10+01:00 : 2|admin|class|get-tree|[]
2016-02-22T13:03:10+01:00 : 2|admin|class|get-tree|{"grouped":"1","node":"0"}
2016-02-22T13:04:09+01:00 : 2|admin|misc|ping|[]
2016-02-22T13:04:49+01:00 : 2|admin|class|add|{"name":"workoutgroup"}
2016-02-22T13:04:50+01:00 : 2|admin|class|get|{"id":"3"}
2016-02-22T13:04:50+01:00 : 2|admin|class|get-tree|[]
2016-02-22T13:04:50+01:00 : 2|admin|class|get-tree|{"grouped":"1","node":"0"}
2016-02-22T13:04:50+01:00 : 2|admin|index|index|[]
2016-02-22T13:04:52+01:00 : 2|admin|index|index|[]
2016-02-22T13:05:09+01:00 : 2|admin|misc|ping|[]
2016-02-22T13:05:09+01:00 : 2|admin|translation|add-admin-translation-keys|{"keys":"[\"workoutgroup\"]"}
2016-02-22T13:05:25+01:00 : 2|admin|index|index|[]
2016-02-22T13:05:43+01:00 : 2|admin|class|get-tree|[]
2016-02-22T13:06:09+01:00 : 2|admin|misc|ping|[]
2016-02-22T13:06:31+01:00 : 2|admin|class|save|{"configuration":"{\"childs\":[{\"name\":\"Layout\",\"datatype\":\"...","values":"{\"id\":3,\"name\":\"workoutgroup\",\"descripti...","id":"3"}
2016-02-22T13:06:32+01:00 : 2|admin|class|get-tree|{"grouped":"1","node":"0"}
2016-02-22T13:06:32+01:00 : 2|admin|class|get-tree|[]
2016-02-22T13:07:09+01:00 : 2|admin|misc|ping|[]
2016-02-22T13:07:50+01:00 : 2|admin|class|save|{"configuration":"{\"childs\":[{\"name\":\"Layout\",\"datatype\":\"...","values":"{\"id\":3,\"name\":\"workoutgroup\",\"descripti...","id":"3"}
2016-02-22T13:07:51+01:00 : 2|admin|class|get-tree|{"grouped":"1","node":"0"}
2016-02-22T13:07:51+01:00 : 2|admin|class|get-tree|[]
2016-02-22T13:08:09+01:00 : 2|admin|misc|ping|[]
2016-02-22T13:09:09+01:00 : 2|admin|misc|ping|[]
2016-02-22T13:09:44+01:00 : 2|admin|class|add|{"name":"workout"}
2016-02-22T13:09:44+01:00 : 2|admin|class|get-tree|[]
2016-02-22T13:09:44+01:00 : 2|admin|class|get|{"id":"4"}
2016-02-22T13:09:44+01:00 : 2|admin|class|get-tree|{"grouped":"1","node":"0"}
2016-02-22T13:09:45+01:00 : 2|admin|index|index|[]
2016-02-22T13:10:06+01:00 : 2|admin|index|index|[]
2016-02-22T13:10:09+01:00 : 2|admin|translation|add-admin-translation-keys|{"keys":"[\"workout\"]"}
2016-02-22T13:10:09+01:00 : 2|admin|misc|ping|[]
2016-02-22T13:10:26+01:00 : 2|admin|class|save|{"configuration":"{\"childs\":[{\"name\":\"Layout\",\"datatype\":\"...","values":"{\"id\":4,\"name\":\"workout\",\"description\":\"...","id":"4"}
2016-02-22T13:10:26+01:00 : 2|admin|class|get-tree|[]
2016-02-22T13:10:26+01:00 : 2|admin|class|get-tree|{"grouped":"1","node":"0"}
2016-02-22T13:10:36+01:00 : 2|admin|class|get-tree|[]
2016-02-22T13:11:09+01:00 : 2|admin|misc|ping|[]
2016-02-22T13:12:09+01:00 : 2|admin|misc|ping|[]
2016-02-22T13:13:09+01:00 : 2|admin|misc|ping|[]
2016-02-22T13:14:09+01:00 : 2|admin|misc|ping|[]
2016-02-22T13:15:09+01:00 : 2|admin|misc|ping|[]
2016-02-22T13:16:09+01:00 : 2|admin|misc|ping|[]
2016-02-22T13:17:09+01:00 : 2|admin|misc|ping|[]
2016-02-22T13:17:09+01:00 : 2|admin|class|save|{"configuration":"{\"childs\":[{\"name\":\"Layout\",\"datatype\":\"...","values":"{\"id\":4,\"name\":\"workout\",\"description\":\"...","id":"4"}
2016-02-22T13:17:12+01:00 : 2|admin|class|get-tree|{"grouped":"1","node":"0"}
2016-02-22T13:17:12+01:00 : 2|admin|class|get-tree|[]
2016-02-22T13:18:09+01:00 : 2|admin|misc|ping|[]
2016-02-22T13:19:09+01:00 : 2|admin|misc|ping|[]
2016-02-22T13:20:09+01:00 : 2|admin|misc|ping|[]
2016-02-22T13:21:09+01:00 : 2|admin|misc|ping|[]
2016-02-22T13:22:09+01:00 : 2|admin|misc|ping|[]
2016-02-22T13:23:09+01:00 : 2|admin|misc|ping|[]
2016-02-22T13:24:09+01:00 : 2|admin|misc|ping|[]
2016-02-22T13:25:09+01:00 : 2|admin|misc|ping|[]
2016-02-22T13:26:09+01:00 : 2|admin|misc|ping|[]
2016-02-22T13:27:09+01:00 : 2|admin|misc|ping|[]
2016-02-22T13:28:09+01:00 : 2|admin|misc|ping|[]
2016-02-22T13:29:09+01:00 : 2|admin|misc|ping|[]
2016-02-22T13:30:09+01:00 : 2|admin|misc|ping|[]
2016-02-22T13:31:09+01:00 : 2|admin|misc|ping|[]
2016-02-22T13:32:09+01:00 : 2|admin|misc|ping|[]
2016-02-22T13:33:09+01:00 : 2|admin|misc|ping|[]
2016-02-22T13:34:09+01:00 : 2|admin|misc|ping|[]
2016-02-22T13:35:09+01:00 : 2|admin|misc|ping|[]
2016-02-22T13:36:09+01:00 : 2|admin|misc|ping|[]
2016-02-22T13:37:09+01:00 : 2|admin|misc|ping|[]
2016-02-22T13:38:09+01:00 : 2|admin|misc|ping|[]
2016-02-22T13:39:09+01:00 : 2|admin|misc|ping|[]
2016-02-22T13:40:09+01:00 : 2|admin|misc|ping|[]
2016-02-22T13:41:09+01:00 : 2|admin|misc|ping|[]
2016-02-22T13:42:09+01:00 : 2|admin|misc|ping|[]
2016-02-22T13:43:09+01:00 : 2|admin|misc|ping|[]
2016-02-22T13:44:09+01:00 : 2|admin|misc|ping|[]
2016-02-22T13:45:09+01:00 : 2|admin|misc|ping|[]
2016-02-22T13:46:09+01:00 : 2|admin|misc|ping|[]
2016-02-22T13:47:09+01:00 : 2|admin|misc|ping|[]
2016-02-22T13:48:09+01:00 : 2|admin|misc|ping|[]
2016-02-22T13:49:09+01:00 : 2|admin|misc|ping|[]
2016-02-22T13:50:09+01:00 : 2|admin|misc|ping|[]
2016-02-22T13:51:09+01:00 : 2|admin|misc|ping|[]
2016-02-22T13:52:09+01:00 : 2|admin|misc|ping|[]
2016-02-22T13:53:09+01:00 : 2|admin|misc|ping|[]
2016-02-22T13:54:09+01:00 : 2|admin|misc|ping|[]
2016-02-22T13:55:09+01:00 : 2|admin|misc|ping|[]
2016-02-22T13:56:09+01:00 : 2|admin|misc|ping|[]
2016-02-22T13:57:09+01:00 : 2|admin|misc|ping|[]
2016-02-22T13:58:09+01:00 : 2|admin|misc|ping|[]
2016-02-22T13:59:09+01:00 : 2|admin|misc|ping|[]
2016-02-22T14:00:09+01:00 : 2|admin|misc|ping|[]
2016-02-22T14:01:09+01:00 : 2|admin|misc|ping|[]
2016-02-22T14:02:09+01:00 : 2|admin|misc|ping|[]
2016-02-22T14:03:09+01:00 : 2|admin|misc|ping|[]
2016-02-22T14:04:09+01:00 : 2|admin|misc|ping|[]
2016-02-22T14:05:09+01:00 : 2|admin|misc|ping|[]
2016-02-22T14:06:09+01:00 : 2|admin|misc|ping|[]
2016-02-22T14:07:09+01:00 : 2|admin|misc|ping|[]
2016-02-22T14:08:09+01:00 : 2|admin|misc|ping|[]
2016-02-22T14:09:09+01:00 : 2|admin|misc|ping|[]
2016-02-22T14:10:09+01:00 : 2|admin|misc|ping|[]
2016-02-22T14:11:09+01:00 : 2|admin|misc|ping|[]
2016-02-22T14:12:09+01:00 : 2|admin|misc|ping|[]
2016-02-22T14:13:09+01:00 : 2|admin|misc|ping|[]
2016-02-22T14:14:09+01:00 : 2|admin|misc|ping|[]
2016-02-22T14:15:09+01:00 : 2|admin|misc|ping|[]
2016-02-22T14:16:09+01:00 : 2|admin|misc|ping|[]
2016-02-22T14:17:09+01:00 : 2|admin|misc|ping|[]
2016-02-22T14:18:09+01:00 : 2|admin|misc|ping|[]
2016-02-22T14:19:09+01:00 : 2|admin|misc|ping|[]
2016-02-22T14:20:09+01:00 : 2|admin|misc|ping|[]
2016-02-22T14:21:09+01:00 : 2|admin|misc|ping|[]
2016-02-22T14:22:09+01:00 : 2|admin|misc|ping|[]
2016-02-22T14:23:09+01:00 : 2|admin|misc|ping|[]
2016-02-22T14:24:09+01:00 : 2|admin|misc|ping|[]
2016-02-22T14:25:09+01:00 : 2|admin|misc|ping|[]
2016-02-22T14:26:09+01:00 : 2|admin|misc|ping|[]
2016-02-22T14:27:09+01:00 : 2|admin|misc|ping|[]
2016-02-22T14:28:09+01:00 : 2|admin|misc|ping|[]
2016-02-22T14:29:09+01:00 : 2|admin|misc|ping|[]
2016-02-22T14:30:09+01:00 : 2|admin|misc|ping|[]
2016-02-22T14:31:09+01:00 : 2|admin|misc|ping|[]
2016-02-22T14:32:09+01:00 : 2|admin|misc|ping|[]
2016-02-22T14:33:09+01:00 : 2|admin|misc|ping|[]
2016-02-22T14:34:09+01:00 : 2|admin|misc|ping|[]
2016-02-22T14:35:09+01:00 : 2|admin|misc|ping|[]
2016-02-22T14:36:09+01:00 : 2|admin|misc|ping|[]
2016-02-22T14:37:09+01:00 : 2|admin|misc|ping|[]
2016-02-22T14:38:09+01:00 : 2|admin|misc|ping|[]
2016-02-22T14:39:09+01:00 : 2|admin|misc|ping|[]
2016-02-22T14:40:09+01:00 : 2|admin|misc|ping|[]
2016-02-22T14:40:53+01:00 : 2|admin|asset|import-url|{"id":"1","url":"http:\/\/res.cloudinary.com\/club-teambeach..."}
2016-02-22T14:40:58+01:00 : 2|admin|asset|tree-get-childs-by-id|{"limit":"50","start":"0","total":"0","node":"1"}
2016-02-22T14:41:00+01:00 : 2|admin|asset|get-image-thumbnail|{"id":"2","treepreview":"true"}
2016-02-22T14:41:09+01:00 : 2|admin|misc|ping|[]
2016-02-22T14:41:44+01:00 : 2|admin|asset|import-url|{"id":"1","url":"http:\/\/imgclub.teambeachbody.com\/club-te..."}
2016-02-22T14:41:49+01:00 : 2|admin|asset|tree-get-childs-by-id|{"limit":"50","start":"0","total":"1","node":"1"}
2016-02-22T14:41:54+01:00 : 2|admin|asset|get-image-thumbnail|{"id":"3","treepreview":"true"}
2016-02-22T14:42:06+01:00 : 2|admin|asset|import-url|{"id":"1","url":"http:\/\/imgclub.teambeachbody.com\/club-te..."}
2016-02-22T14:42:09+01:00 : 2|admin|misc|ping|[]
2016-02-22T14:42:11+01:00 : 2|admin|asset|tree-get-childs-by-id|{"limit":"50","start":"0","total":"2","node":"1"}
2016-02-22T14:42:15+01:00 : 2|admin|asset|get-image-thumbnail|{"id":"4","treepreview":"true"}
2016-02-22T14:42:15+01:00 : 2|admin|asset|get-image-thumbnail|{"id":"4","treepreview":"true"}
2016-02-22T14:42:17+01:00 : 2|admin|asset|get-image-thumbnail|{"id":"4","treepreview":"true"}
2016-02-22T14:42:33+01:00 : 2|admin|asset|import-url|{"id":"1","url":"http:\/\/imgclub.teambeachbody.com\/club-te..."}
2016-02-22T14:42:37+01:00 : 2|admin|asset|tree-get-childs-by-id|{"limit":"50","start":"0","total":"3","node":"1"}
2016-02-22T14:42:47+01:00 : 2|admin|asset|import-url|{"id":"1","url":"http:\/\/imgclub.teambeachbody.com\/club-te..."}
2016-02-22T14:42:53+01:00 : 2|admin|asset|tree-get-childs-by-id|{"limit":"50","start":"0","total":"4","node":"1"}
2016-02-22T14:43:02+01:00 : 2|admin|asset|import-url|{"id":"1","url":"http:\/\/imgclub.teambeachbody.com\/club-te..."}
2016-02-22T14:43:06+01:00 : 2|admin|asset|tree-get-childs-by-id|{"limit":"50","start":"0","total":"5","node":"1"}
2016-02-22T14:43:09+01:00 : 2|admin|misc|ping|[]
2016-02-22T14:43:12+01:00 : 2|admin|asset|get-image-thumbnail|{"id":"7","treepreview":"true"}
2016-02-22T14:43:12+01:00 : 2|admin|asset|get-image-thumbnail|{"id":"5","treepreview":"true"}
2016-02-22T14:43:19+01:00 : 2|admin|asset|import-url|{"id":"1","url":"http:\/\/imgclub.teambeachbody.com\/club-te..."}
2016-02-22T14:43:24+01:00 : 2|admin|asset|tree-get-childs-by-id|{"limit":"50","start":"0","total":"6","node":"1"}
2016-02-22T14:43:26+01:00 : 2|admin|asset|get-image-thumbnail|{"id":"5","treepreview":"true"}
2016-02-22T14:43:34+01:00 : 2|admin|asset|get-image-thumbnail|{"id":"6","treepreview":"true"}
2016-02-22T14:43:34+01:00 : 2|admin|asset|get-image-thumbnail|{"id":"8","treepreview":"true"}
2016-02-22T14:43:34+01:00 : 2|admin|asset|get-image-thumbnail|{"id":"7","treepreview":"true"}
2016-02-22T14:43:34+01:00 : 2|admin|asset|get-image-thumbnail|{"id":"5","treepreview":"true"}
2016-02-22T14:43:39+01:00 : 2|admin|asset|get-image-thumbnail|{"id":"5","treepreview":"true"}
2016-02-22T14:43:40+01:00 : 2|admin|asset|get-image-thumbnail|{"id":"7","treepreview":"true"}
2016-02-22T14:43:42+01:00 : 2|admin|asset|get-image-thumbnail|{"id":"8","treepreview":"true"}
2016-02-22T14:43:43+01:00 : 2|admin|asset|get-image-thumbnail|{"id":"6","treepreview":"true"}
2016-02-22T14:44:09+01:00 : 2|admin|misc|ping|[]
2016-02-22T14:44:26+01:00 : 2|admin|asset|import-url|{"id":"1","url":"http:\/\/imgclub.teambeachbody.com\/club-te..."}
2016-02-22T14:44:30+01:00 : 2|admin|asset|tree-get-childs-by-id|{"limit":"50","start":"0","total":"7","node":"1"}
2016-02-22T14:44:39+01:00 : 2|admin|asset|import-url|{"id":"1","url":"http:\/\/imgclub.teambeachbody.com\/club-te..."}
2016-02-22T14:44:43+01:00 : 2|admin|asset|tree-get-childs-by-id|{"limit":"50","start":"0","total":"8","node":"1"}
2016-02-22T14:44:47+01:00 : 2|admin|asset|get-image-thumbnail|{"id":"10","treepreview":"true"}
2016-02-22T14:44:54+01:00 : 2|admin|asset|import-url|{"id":"1","url":"http:\/\/imgclub.teambeachbody.com\/club-te..."}
2016-02-22T14:44:59+01:00 : 2|admin|asset|tree-get-childs-by-id|{"limit":"50","start":"0","total":"9","node":"1"}
2016-02-22T14:45:05+01:00 : 2|admin|asset|get-image-thumbnail|{"id":"11","treepreview":"true"}
2016-02-22T14:45:09+01:00 : 2|admin|misc|ping|[]
2016-02-22T14:45:10+01:00 : 2|admin|asset|import-url|{"id":"1","url":"http:\/\/imgclub.teambeachbody.com\/club-te..."}
2016-02-22T14:45:14+01:00 : 2|admin|asset|tree-get-childs-by-id|{"limit":"50","start":"0","total":"10","node":"1"}
2016-02-22T14:45:19+01:00 : 2|admin|asset|get-image-thumbnail|{"id":"11","treepreview":"true"}
2016-02-22T14:45:23+01:00 : 2|admin|asset|import-url|{"id":"1","url":"http:\/\/imgclub.teambeachbody.com\/club-te..."}
2016-02-22T14:45:29+01:00 : 2|admin|asset|tree-get-childs-by-id|{"limit":"50","start":"0","total":"11","node":"1"}
2016-02-22T14:45:32+01:00 : 2|admin|asset|get-image-thumbnail|{"id":"11","treepreview":"true"}
2016-02-22T14:45:37+01:00 : 2|admin|asset|import-url|{"id":"1","url":"http:\/\/imgclub.teambeachbody.com\/club-te..."}
2016-02-22T14:45:41+01:00 : 2|admin|asset|tree-get-childs-by-id|{"limit":"50","start":"0","total":"12","node":"1"}
2016-02-22T14:45:52+01:00 : 2|admin|misc|get-valid-filename|{"value":"trainers"}
2016-02-22T14:45:52+01:00 : 2|admin|asset|add-folder|{"parentId":"1","name":"trainers"}
2016-02-22T14:45:52+01:00 : 2|admin|asset|tree-get-childs-by-id|{"limit":"50","start":"0","total":"13","node":"1"}
2016-02-22T14:45:53+01:00 : 2|admin|asset|tree-get-childs-by-id|{"limit":"50","start":"0","total":"13","node":"15"}
2016-02-22T14:45:55+01:00 : 2|admin|asset|update|{"parentId":"15","id":"3"}
2016-02-22T14:45:56+01:00 : 2|admin|asset|get-image-thumbnail|{"id":"11","treepreview":"true"}
2016-02-22T14:45:57+01:00 : 2|admin|asset|update|{"parentId":"15","id":"11"}
2016-02-22T14:45:59+01:00 : 2|admin|asset|update|{"parentId":"15","id":"5"}
2016-02-22T14:46:01+01:00 : 2|admin|asset|update|{"parentId":"15","id":"10"}
2016-02-22T14:46:03+01:00 : 2|admin|asset|update|{"parentId":"15","id":"7"}
2016-02-22T14:46:04+01:00 : 2|admin|asset|update|{"parentId":"15","id":"8"}
2016-02-22T14:46:05+01:00 : 2|admin|asset|get-image-thumbnail|{"id":"14","treepreview":"true"}
2016-02-22T14:46:06+01:00 : 2|admin|asset|update|{"parentId":"15","id":"14"}
2016-02-22T14:46:07+01:00 : 2|admin|asset|get-image-thumbnail|{"id":"9","treepreview":"true"}
2016-02-22T14:46:08+01:00 : 2|admin|asset|update|{"parentId":"15","id":"9"}
2016-02-22T14:46:09+01:00 : 2|admin|asset|get-image-thumbnail|{"id":"12","treepreview":"true"}
2016-02-22T14:46:09+01:00 : 2|admin|misc|ping|[]
2016-02-22T14:46:10+01:00 : 2|admin|asset|update|{"parentId":"15","id":"12"}
2016-02-22T14:46:13+01:00 : 2|admin|asset|update|{"parentId":"15","id":"6"}
2016-02-22T14:46:15+01:00 : 2|admin|asset|update|{"parentId":"15","id":"4"}
2016-02-22T14:46:16+01:00 : 2|admin|asset|get-image-thumbnail|{"id":"13","treepreview":"true"}
2016-02-22T14:46:17+01:00 : 2|admin|asset|update|{"parentId":"15","id":"13"}
2016-02-22T14:46:18+01:00 : 2|admin|asset|get-image-thumbnail|{"id":"2","treepreview":"true"}
2016-02-22T14:46:19+01:00 : 2|admin|asset|update|{"parentId":"15","id":"2"}
2016-02-22T14:46:21+01:00 : 2|admin|asset|get-data-by-id|{"id":"15","type":"folder"}
2016-02-22T14:46:21+01:00 : 2|admin|asset|get-folder-content-preview|{"id":"15"}
2016-02-22T14:46:22+01:00 : 2|admin|asset|get-image-thumbnail|{"id":"3","treepreview":"true"}
2016-02-22T14:46:22+01:00 : 2|admin|asset|get-image-thumbnail|{"id":"11","treepreview":"true"}
2016-02-22T14:46:22+01:00 : 2|admin|asset|get-image-thumbnail|{"id":"5","treepreview":"true"}
2016-02-22T14:46:22+01:00 : 2|admin|asset|get-image-thumbnail|{"id":"10","treepreview":"true"}
2016-02-22T14:46:22+01:00 : 2|admin|asset|get-image-thumbnail|{"id":"8","treepreview":"true"}
2016-02-22T14:46:22+01:00 : 2|admin|asset|get-image-thumbnail|{"id":"7","treepreview":"true"}
2016-02-22T14:46:22+01:00 : 2|admin|asset|get-image-thumbnail|{"id":"9","treepreview":"true"}
2016-02-22T14:46:22+01:00 : 2|admin|asset|get-image-thumbnail|{"id":"14","treepreview":"true"}
2016-02-22T14:46:22+01:00 : 2|admin|asset|get-image-thumbnail|{"id":"12","treepreview":"true"}
2016-02-22T14:46:22+01:00 : 2|admin|asset|get-image-thumbnail|{"id":"6","treepreview":"true"}
2016-02-22T14:47:09+01:00 : 2|admin|misc|ping|[]
2016-02-22T14:47:12+01:00 : 2|admin|element|unlock-element|{"id":"15","type":"asset"}
2016-02-22T14:47:12+01:00 : 2|admin|asset|get-data-by-id|{"id":"15","type":"folder"}
2016-02-22T14:47:13+01:00 : 2|admin|asset|get-folder-content-preview|{"id":"15"}
2016-02-22T14:47:22+01:00 : 2|admin|asset|grid-proxy|{"limit":"20","test":"test","folderId":"15","only_direct_children":"false"}
2016-02-22T14:47:44+01:00 : 2|admin|asset|get-image-thumbnail|{"id":"4","treepreview":"true"}
2016-02-22T14:48:03+01:00 : 2|admin|asset|get-folder-content-preview|{"start":"10","limit":"10","id":"15"}
2016-02-22T14:48:03+01:00 : 2|admin|asset|get-image-thumbnail|{"id":"4","treepreview":"true"}
2016-02-22T14:48:03+01:00 : 2|admin|asset|get-image-thumbnail|{"id":"13","treepreview":"true"}
2016-02-22T14:48:03+01:00 : 2|admin|asset|get-image-thumbnail|{"id":"2","treepreview":"true"}
2016-02-22T14:48:08+01:00 : 2|admin|element|unlock-element|{"id":"15","type":"asset"}
2016-02-22T14:48:09+01:00 : 2|admin|misc|ping|[]
2016-02-22T14:49:09+01:00 : 2|admin|misc|ping|[]
2016-02-22T14:49:20+01:00 : 2|admin|asset|get-data-by-id|{"id":"1","type":"folder"}
2016-02-22T14:49:20+01:00 : 2|admin|asset|get-folder-content-preview|{"id":"1"}
2016-02-22T14:49:20+01:00 : 2|admin|asset|get-image-thumbnail|{"id":"5","treepreview":"true"}
2016-02-22T14:49:21+01:00 : 2|admin|asset|get-image-thumbnail|{"id":"10","treepreview":"true"}
2016-02-22T14:49:21+01:00 : 2|admin|asset|get-image-thumbnail|{"id":"11","treepreview":"true"}
2016-02-22T14:49:21+01:00 : 2|admin|asset|get-image-thumbnail|{"id":"3","treepreview":"true"}
2016-02-22T14:49:21+01:00 : 2|admin|asset|get-image-thumbnail|{"id":"8","treepreview":"true"}
2016-02-22T14:49:21+01:00 : 2|admin|asset|get-image-thumbnail|{"id":"7","treepreview":"true"}
2016-02-22T14:49:21+01:00 : 2|admin|asset|get-image-thumbnail|{"id":"14","treepreview":"true"}
2016-02-22T14:49:21+01:00 : 2|admin|asset|get-image-thumbnail|{"id":"9","treepreview":"true"}
2016-02-22T14:49:21+01:00 : 2|admin|asset|get-image-thumbnail|{"id":"12","treepreview":"true"}
2016-02-22T14:49:21+01:00 : 2|admin|asset|get-image-thumbnail|{"id":"6","treepreview":"true"}
2016-02-22T14:49:25+01:00 : 2|admin|element|unlock-element|{"id":"1","type":"asset"}
2016-02-22T14:49:49+01:00 : 2|admin|object|add-folder|{"parentId":"1","key":"trainers"}
2016-02-22T14:49:49+01:00 : 2|admin|object|tree-get-childs-by-id|{"limit":"30","start":"0","total":"0","node":"1"}
2016-02-22T14:49:49+01:00 : 2|admin|object|tree-get-childs-by-id|{"limit":"30","start":"0","total":"0","node":"2"}
2016-02-22T14:49:50+01:00 : 2|admin|object|get-folder|{"id":"2"}
2016-02-22T14:50:09+01:00 : 2|admin|misc|ping|[]
2016-02-22T14:50:17+01:00 : 2|admin|misc|get-valid-filename|{"value":"tonyhorton"}
2016-02-22T14:50:17+01:00 : 2|admin|object|add|{"className":"trainer","classId":"1","parentId":"2","key":"tonyhorton"}
2016-02-22T14:50:18+01:00 : 2|admin|object|get|{"id":"3"}
2016-02-22T14:50:18+01:00 : 2|admin|object|tree-get-childs-by-id|{"limit":"30","start":"0","total":"0","node":"2"}
2016-02-22T14:50:18+01:00 : 2|admin|object|tree-get-childs-by-id|{"limit":"30","start":"0","total":"0","node":"3"}
2016-02-22T14:50:39+01:00 : 2|admin|translation|add-admin-translation-keys|{"keys":"[\"master (admin mode)\",\"master\",\"trainer..."}
2016-02-22T14:51:09+01:00 : 2|admin|misc|ping|[]
2016-02-22T14:52:07+01:00 : 2|admin|class|save|{"configuration":"{\"childs\":[{\"name\":\"Layout\",\"datatype\":\"...","values":"{\"id\":1,\"name\":\"trainer\",\"description\":\"...","id":"1"}
2016-02-22T14:52:08+01:00 : 2|admin|class|get-tree|[]
2016-02-22T14:52:08+01:00 : 2|admin|class|get-tree|{"grouped":"1","node":"0"}
2016-02-22T14:52:09+01:00 : 2|admin|misc|ping|[]
2016-02-22T14:52:12+01:00 : 2|admin|element|unlock-element|{"id":"3","type":"object"}
2016-02-22T14:52:12+01:00 : 2|admin|object|get|{"id":"3","layoutId":"null"}
2016-02-22T14:52:36+01:00 : 2|admin|class|save|{"configuration":"{\"childs\":[{\"name\":\"Layout\",\"datatype\":\"...","values":"{\"id\":1,\"name\":\"trainer\",\"description\":\"...","id":"1"}
2016-02-22T14:52:36+01:00 : 2|admin|class|get-tree|{"grouped":"1","node":"0"}
2016-02-22T14:52:36+01:00 : 2|admin|class|get-tree|[]
2016-02-22T14:53:09+01:00 : 2|admin|misc|ping|[]
2016-02-22T14:54:09+01:00 : 2|admin|misc|ping|[]
2016-02-22T14:55:09+01:00 : 2|admin|misc|ping|[]
2016-02-22T14:56:09+01:00 : 2|admin|misc|ping|[]
2016-02-22T14:57:09+01:00 : 2|admin|misc|ping|[]
2016-02-22T14:58:09+01:00 : 2|admin|misc|ping|[]
2016-02-22T14:58:10+01:00 : 2|admin|class|save|{"configuration":"{\"childs\":[{\"name\":\"Layout\",\"datatype\":\"...","values":"{\"id\":1,\"name\":\"trainer\",\"description\":\"...","id":"1"}
2016-02-22T14:58:10+01:00 : 2|admin|class|get-tree|{"grouped":"1","node":"0"}
2016-02-22T14:58:10+01:00 : 2|admin|class|get-tree|[]
2016-02-22T14:58:14+01:00 : 2|admin|element|unlock-element|{"id":"3","type":"object"}
2016-02-22T14:58:14+01:00 : 2|admin|object|get|{"id":"3","layoutId":"null"}
2016-02-22T14:58:43+01:00 : 2|admin|class|save|{"configuration":"{\"childs\":[{\"name\":\"Layout\",\"datatype\":\"...","values":"{\"id\":1,\"name\":\"trainer\",\"description\":\"...","id":"1"}
2016-02-22T14:58:43+01:00 : 2|admin|class|get-tree|{"grouped":"1","node":"0"}
2016-02-22T14:58:43+01:00 : 2|admin|class|get-tree|[]
2016-02-22T14:58:47+01:00 : 2|admin|element|unlock-element|{"id":"3","type":"object"}
2016-02-22T14:58:47+01:00 : 2|admin|object|get|{"id":"3","layoutId":"null"}
2016-02-22T14:59:09+01:00 : 2|admin|misc|ping|[]
2016-02-22T14:59:14+01:00 : 2|admin|class|save|{"configuration":"{\"childs\":[{\"name\":\"Layout\",\"datatype\":\"...","values":"{\"id\":1,\"name\":\"trainer\",\"description\":\"...","id":"1"}
2016-02-22T14:59:15+01:00 : 2|admin|class|get-tree|[]
2016-02-22T14:59:15+01:00 : 2|admin|class|get-tree|{"grouped":"1","node":"0"}
2016-02-22T14:59:18+01:00 : 2|admin|element|unlock-element|{"id":"3","type":"object"}
2016-02-22T14:59:18+01:00 : 2|admin|object|get|{"id":"3","layoutId":"null"}
2016-02-22T15:00:09+01:00 : 2|admin|misc|ping|[]
2016-02-22T15:01:09+01:00 : 2|admin|misc|ping|[]
2016-02-22T15:02:09+01:00 : 2|admin|misc|ping|[]
2016-02-22T15:03:09+01:00 : 2|admin|misc|ping|[]
2016-02-22T15:04:09+01:00 : 2|admin|misc|ping|[]
2016-02-22T15:05:09+01:00 : 2|admin|misc|ping|[]
2016-02-22T15:06:09+01:00 : 2|admin|misc|ping|[]
2016-02-22T15:07:09+01:00 : 2|admin|misc|ping|[]
2016-02-22T15:08:09+01:00 : 2|admin|misc|ping|[]
2016-02-22T15:09:09+01:00 : 2|admin|misc|ping|[]
2016-02-22T15:10:09+01:00 : 2|admin|misc|ping|[]
2016-02-22T15:11:09+01:00 : 2|admin|misc|ping|[]
2016-02-22T15:12:09+01:00 : 2|admin|misc|ping|[]
2016-02-22T15:13:09+01:00 : 2|admin|misc|ping|[]
2016-02-22T15:13:37+01:00 : 2|admin|class|save|{"configuration":"{\"childs\":[{\"name\":\"Layout\",\"datatype\":\"...","values":"{\"id\":1,\"name\":\"trainer\",\"description\":\"...","id":"1"}
2016-02-22T15:13:38+01:00 : 2|admin|class|get-tree|[]
2016-02-22T15:13:38+01:00 : 2|admin|class|get-tree|{"grouped":"1","node":"0"}
2016-02-22T15:13:41+01:00 : 2|admin|element|unlock-element|{"id":"3","type":"object"}
2016-02-22T15:13:42+01:00 : 2|admin|object|get|{"id":"3","layoutId":"null"}
2016-02-22T15:14:09+01:00 : 2|admin|misc|ping|[]
2016-02-22T15:14:09+01:00 : 2|admin|translation|add-admin-translation-keys|{"keys":"[\"trainer first name\",\"trainer last name..."}
2016-02-22T15:15:06+01:00 : 2|admin|index|index|[]
2016-02-22T15:15:09+01:00 : 2|admin|misc|ping|[]
2016-02-22T15:15:23+01:00 : 2|admin|class|save|{"configuration":"{\"childs\":[{\"name\":\"Layout\",\"datatype\":\"...","values":"{\"id\":1,\"name\":\"trainer\",\"description\":\"...","id":"1"}
2016-02-22T15:15:24+01:00 : 2|admin|class|get-tree|[]
2016-02-22T15:15:24+01:00 : 2|admin|class|get-tree|{"grouped":"1","node":"0"}
2016-02-22T15:15:42+01:00 : 2|admin|element|unlock-element|{"id":"3","type":"object"}
2016-02-22T15:15:43+01:00 : 2|admin|object|get|{"id":"3","layoutId":"null"}
2016-02-22T15:16:09+01:00 : 2|admin|asset|get-image-thumbnail|{"id":"3","treepreview":"true"}
2016-02-22T15:16:09+01:00 : 2|admin|misc|ping|[]
2016-02-22T15:16:12+01:00 : 2|admin|asset|get-image-thumbnail|{"id":"11","treepreview":"true"}
2016-02-22T15:16:13+01:00 : 2|admin|asset|get-image-thumbnail|{"id":"5","treepreview":"true"}
2016-02-22T15:16:14+01:00 : 2|admin|asset|get-image-thumbnail|{"id":"10","treepreview":"true"}
2016-02-22T15:16:14+01:00 : 2|admin|asset|get-image-thumbnail|{"id":"7","treepreview":"true"}
2016-02-22T15:16:15+01:00 : 2|admin|asset|get-image-thumbnail|{"id":"8","treepreview":"true"}
2016-02-22T15:16:16+01:00 : 2|admin|asset|get-image-thumbnail|{"id":"14","treepreview":"true"}
2016-02-22T15:16:17+01:00 : 2|admin|asset|get-image-thumbnail|{"id":"9","treepreview":"true"}
2016-02-22T15:16:17+01:00 : 2|admin|asset|get-image-thumbnail|{"id":"12","treepreview":"true"}
2016-02-22T15:16:18+01:00 : 2|admin|asset|get-image-thumbnail|{"id":"6","treepreview":"true"}
2016-02-22T15:16:19+01:00 : 2|admin|asset|get-image-thumbnail|{"id":"4","treepreview":"true"}
2016-02-22T15:16:20+01:00 : 2|admin|asset|get-image-thumbnail|{"id":"13","treepreview":"true"}
2016-02-22T15:16:20+01:00 : 2|admin|asset|get-image-thumbnail|{"id":"2","treepreview":"true"}
2016-02-22T15:16:27+01:00 : 2|admin|asset|get-image-thumbnail|{"id":"2","width":"490","height":"343","contain":"true"}
2016-02-22T15:16:32+01:00 : 2|admin|object|save|{"task":"publish","id":"3","data":"{\"tname\":\"Tony Horton\",\"timgage\":2,\"tact...","general":"{\"o_className\":\"trainer\",\"o_published\":t..."}
2016-02-22T15:16:33+01:00 : 2|admin|object|get-versions|{"id":"3"}
2016-02-22T15:16:52+01:00 : 2|admin|element|unlock-element|{"id":"3","type":"object"}
2016-02-22T15:17:09+01:00 : 2|admin|misc|ping|[]
2016-02-22T15:17:18+01:00 : 2|admin|misc|get-valid-filename|{"value":"autumuncalabrese"}
2016-02-22T15:17:18+01:00 : 2|admin|object|add|{"className":"trainer","classId":"1","parentId":"2","key":"autumuncalabrese"}
2016-02-22T15:17:19+01:00 : 2|admin|object|get|{"id":"4"}
2016-02-22T15:17:19+01:00 : 2|admin|object|tree-get-childs-by-id|{"limit":"30","start":"0","total":"1","node":"2"}
2016-02-22T15:17:19+01:00 : 2|admin|object|tree-get-childs-by-id|{"limit":"30","start":"0","total":"1","node":"4"}
2016-02-22T15:17:19+01:00 : 2|admin|object|tree-get-childs-by-id|{"limit":"30","start":"0","total":"1","node":"3"}
2016-02-22T15:17:35+01:00 : 2|admin|asset|get-image-thumbnail|{"id":"3","width":"490","height":"343","contain":"true"}
2016-02-22T15:17:40+01:00 : 2|admin|object|save|{"task":"publish","id":"4","data":"{\"tname\":\"Autumun Calabrese\",\"timgage\":3...","general":"{\"o_className\":\"trainer\",\"o_published\":t..."}
2016-02-22T15:17:40+01:00 : 2|admin|object|get-versions|{"id":"4"}
2016-02-22T15:17:51+01:00 : 2|admin|misc|get-valid-filename|{"value":"null"}
2016-02-22T15:18:10+01:00 : 2|admin|misc|ping|[]
2016-02-22T15:18:18+01:00 : 2|admin|misc|get-valid-filename|{"value":"shaunt"}
2016-02-22T15:18:18+01:00 : 2|admin|object|add|{"className":"trainer","classId":"1","parentId":"2","key":"shaunt"}
2016-02-22T15:18:18+01:00 : 2|admin|object|get|{"id":"5"}
2016-02-22T15:18:18+01:00 : 2|admin|object|tree-get-childs-by-id|{"limit":"30","start":"0","total":"2","node":"2"}
2016-02-22T15:18:19+01:00 : 2|admin|object|tree-get-childs-by-id|{"limit":"30","start":"0","total":"2","node":"4"}
2016-02-22T15:18:19+01:00 : 2|admin|object|tree-get-childs-by-id|{"limit":"30","start":"0","total":"2","node":"3"}
2016-02-22T15:18:19+01:00 : 2|admin|object|tree-get-childs-by-id|{"limit":"30","start":"0","total":"2","node":"5"}
2016-02-22T15:18:30+01:00 : 2|admin|asset|get-image-thumbnail|{"id":"4","width":"490","height":"343","contain":"true"}
2016-02-22T15:18:31+01:00 : 2|admin|object|save|{"task":"publish","id":"5","data":"{\"tname\":\"Shaun T\",\"timgage\":4}","general":"{\"o_className\":\"trainer\",\"o_published\":t..."}
2016-02-22T15:18:32+01:00 : 2|admin|object|get-versions|{"id":"5"}
2016-02-22T15:18:58+01:00 : 2|admin|object|save|{"task":"publish","id":"5","data":"{\"tname\":\"Shaun T\",\"timgage\":4,\"tactive\"...","general":"{\"o_className\":\"trainer\",\"o_published\":t..."}
2016-02-22T15:18:58+01:00 : 2|admin|object|get-versions|{"id":"5"}
2016-02-22T15:19:08+01:00 : 2|admin|misc|get-valid-filename|{"value":"programs"}
2016-02-22T15:19:09+01:00 : 2|admin|object|add-folder|{"parentId":"1","key":"programs"}
2016-02-22T15:19:09+01:00 : 2|admin|object|tree-get-childs-by-id|{"limit":"30","start":"0","total":"1","node":"1"}
2016-02-22T15:19:09+01:00 : 2|admin|object|tree-get-childs-by-id|{"limit":"30","start":"0","total":"1","node":"6"}
2016-02-22T15:19:10+01:00 : 2|admin|misc|ping|[]
2016-02-22T15:19:20+01:00 : 2|admin|asset|add-folder|{"parentId":"1","name":"programs"}
2016-02-22T15:19:20+01:00 : 2|admin|asset|tree-get-childs-by-id|{"limit":"50","start":"0","total":"14","node":"1"}
2016-02-22T15:19:20+01:00 : 2|admin|asset|tree-get-childs-by-id|{"limit":"50","start":"0","total":"14","node":"16"}
2016-02-22T15:19:22+01:00 : 2|admin|asset|get-image-thumbnail|{"id":"9","treepreview":"true"}
2016-02-22T15:19:25+01:00 : 2|admin|asset|get-data-by-id|{"id":"16","type":"folder"}
2016-02-22T15:19:25+01:00 : 2|admin|asset|get-folder-content-preview|{"id":"16"}
2016-02-22T15:20:10+01:00 : 2|admin|misc|ping|[]
2016-02-22T15:21:10+01:00 : 2|admin|misc|ping|[]
2016-02-22T15:22:10+01:00 : 2|admin|misc|ping|[]
2016-02-22T15:22:33+01:00 : 2|admin|asset|get-image-thumbnail|{"id":"6","treepreview":"true"}
2016-02-22T15:22:33+01:00 : 2|admin|asset|get-image-thumbnail|{"id":"2","treepreview":"true"}
2016-02-22T15:22:34+01:00 : 2|admin|asset|get-image-thumbnail|{"id":"7","treepreview":"true"}
2016-02-22T15:22:34+01:00 : 2|admin|asset|get-image-thumbnail|{"id":"3","treepreview":"true"}
2016-02-22T15:22:34+01:00 : 2|admin|asset|get-image-thumbnail|{"id":"5","treepreview":"true"}
2016-02-22T15:22:34+01:00 : 2|admin|asset|get-image-thumbnail|{"id":"4","treepreview":"true"}
2016-02-22T15:22:34+01:00 : 2|admin|asset|get-image-thumbnail|{"id":"8","treepreview":"true"}
2016-02-22T15:22:34+01:00 : 2|admin|asset|get-image-thumbnail|{"id":"10","treepreview":"true"}
2016-02-22T15:22:34+01:00 : 2|admin|asset|get-image-thumbnail|{"id":"14","treepreview":"true"}
2016-02-22T15:22:34+01:00 : 2|admin|asset|get-image-thumbnail|{"id":"11","treepreview":"true"}
2016-02-22T15:22:34+01:00 : 2|admin|asset|get-image-thumbnail|{"id":"12","treepreview":"true"}
2016-02-22T15:22:34+01:00 : 2|admin|asset|get-image-thumbnail|{"id":"13","treepreview":"true"}
2016-02-22T15:22:41+01:00 : 2|admin|asset|import-url|{"id":"16","url":"http:\/\/imgclub.teambeachbody.com\/club-te..."}
2016-02-22T15:22:44+01:00 : 2|admin|asset|tree-get-childs-by-id|{"limit":"50","start":"0","total":"0","node":"16"}
2016-02-22T15:23:10+01:00 : 2|admin|misc|ping|[]
2016-02-22T15:23:10+01:00 : 2|admin|asset|get-image-thumbnail|{"id":"17","treepreview":"true"}
2016-02-22T15:23:15+01:00 : 2|admin|asset|import-url|{"id":"16","url":"http:\/\/imgclub.teambeachbody.com\/club-te..."}
2016-02-22T15:23:19+01:00 : 2|admin|asset|tree-get-childs-by-id|{"limit":"50","start":"0","total":"1","node":"16"}
2016-02-22T15:23:41+01:00 : 2|admin|asset|import-url|{"id":"16","url":"imgclub.teambeachbody.com\/club-teambeach..."}
2016-02-22T15:23:58+01:00 : 2|admin|asset|import-url|{"id":"16","url":"http:\/\/imgclub.teambeachbody.com\/club-te..."}
2016-02-22T15:24:01+01:00 : 2|admin|asset|tree-get-childs-by-id|{"limit":"50","start":"0","total":"2","node":"16"}
2016-02-22T15:24:03+01:00 : 2|admin|asset|get-image-thumbnail|{"id":"18","treepreview":"true"}
2016-02-22T15:24:04+01:00 : 2|admin|asset|get-image-thumbnail|{"id":"19","treepreview":"true"}
2016-02-22T15:24:04+01:00 : 2|admin|asset|get-image-thumbnail|{"id":"18","treepreview":"true"}
2016-02-22T15:24:06+01:00 : 2|admin|asset|get-image-thumbnail|{"id":"19","treepreview":"true"}
2016-02-22T15:24:10+01:00 : 2|admin|misc|ping|[]
2016-02-22T15:24:30+01:00 : 2|admin|asset|import-url|{"id":"16","url":"http:\/\/imgclub.teambeachbody.com\/club-te..."}
2016-02-22T15:24:34+01:00 : 2|admin|asset|tree-get-childs-by-id|{"limit":"50","start":"0","total":"3","node":"16"}
2016-02-22T15:25:04+01:00 : 2|admin|asset|import-url|{"id":"16","url":"http:\/\/imgclub.teambeachbody.com\/club-te..."}
2016-02-22T15:25:09+01:00 : 2|admin|asset|tree-get-childs-by-id|{"limit":"50","start":"0","total":"4","node":"16"}
2016-02-22T15:25:10+01:00 : 2|admin|misc|ping|[]
2016-02-22T15:25:11+01:00 : 2|admin|asset|get-image-thumbnail|{"id":"9","treepreview":"true"}
2016-02-22T15:25:13+01:00 : 2|admin|asset|get-image-thumbnail|{"id":"20","treepreview":"true"}
2016-02-22T15:26:10+01:00 : 2|admin|misc|ping|[]
2016-02-22T15:26:23+01:00 : 2|admin|object|get-folder|{"id":"6"}
2016-02-22T15:27:10+01:00 : 2|admin|misc|ping|[]
2016-02-22T15:28:10+01:00 : 2|admin|misc|ping|[]
2016-02-22T15:29:10+01:00 : 2|admin|misc|ping|[]
2016-02-22T15:30:10+01:00 : 2|admin|misc|ping|[]
2016-02-22T15:31:10+01:00 : 2|admin|misc|ping|[]
2016-02-22T15:31:38+01:00 : 2|admin|login|logout|[]
2016-02-22T15:31:38+01:00 : 0|admin|login|index|[]
2016-02-23T05:17:11+01:00 : 0|admin|login|index|[]
2016-02-23T05:17:18+01:00 : 0|admin|login|index|[]
2016-02-23T05:17:35+01:00 : 0|admin|login|index|[]
2016-02-23T05:17:49+01:00 : 0|admin|login|login|{"username":"admin"}
2016-02-23T05:17:51+01:00 : 2|admin|index|index|[]
2016-02-23T05:18:05+01:00 : 2|admin|misc|json-translations-system|{"language":"en"}
2016-02-23T05:18:05+01:00 : 2|admin|misc|admin-css|[]
2016-02-23T05:18:05+01:00 : 2|admin|user|get-current-user|[]
2016-02-23T05:18:05+01:00 : 2|admin|misc|available-languages|[]
2016-02-23T05:18:05+01:00 : 2|admin|misc|json-translations-admin|{"language":"en"}
2016-02-23T05:18:09+01:00 : 2|admin|user|get-image|[]
2016-02-23T05:18:11+01:00 : 2|admin|class|get-tree|[]
2016-02-23T05:18:11+01:00 : 2|admin|document|doc-types|{"xaction":"read"}
2016-02-23T05:18:11+01:00 : 2|admin|settings|get-available-admin-languages|[]
2016-02-23T05:18:11+01:00 : 2|admin|settings|get-available-sites|[]
2016-02-23T05:18:11+01:00 : 2|reports|targeting|persona-list|[]
2016-02-23T05:18:11+01:00 : 2|admin|document|tree-get-root|{"id":"1"}
2016-02-23T05:18:12+01:00 : 2|admin|asset|tree-get-root|{"id":"1"}
2016-02-23T05:18:12+01:00 : 2|admin|object|tree-get-root|{"id":"1"}
2016-02-23T05:18:12+01:00 : 2|admin|portal|dashboard-list|[]
2016-02-23T05:18:12+01:00 : 2|admin|document|tree-get-childs-by-id|{"limit":"50","start":"0","node":"1"}
2016-02-23T05:18:13+01:00 : 2|admin|asset|tree-get-childs-by-id|{"limit":"50","start":"0","node":"1"}
2016-02-23T05:18:13+01:00 : 2|admin|object|tree-get-childs-by-id|{"limit":"30","start":"0","node":"1"}
2016-02-23T05:18:13+01:00 : 2|reports|custom-report|get-report-config|[]
2016-02-23T05:18:14+01:00 : 2|admin|object|tree-get-childs-by-id|{"limit":"30","start":"0","node":"6"}
2016-02-23T05:18:40+01:00 : 2|admin|translation|add-admin-translation-keys|{"keys":"[\"program\",\"trainer\",\"workout\",\"workoutg..."}
2016-02-23T05:19:10+01:00 : 2|admin|misc|ping|[]
2016-02-23T05:19:18+01:00 : 2|admin|asset|get-image-thumbnail|{"id":"17","treepreview":"true"}
2016-02-23T05:19:18+01:00 : 2|admin|asset|get-image-thumbnail|{"id":"21","treepreview":"true"}
2016-02-23T05:19:18+01:00 : 2|admin|asset|get-image-thumbnail|{"id":"20","treepreview":"true"}
2016-02-23T05:19:18+01:00 : 2|admin|asset|get-image-thumbnail|{"id":"19","treepreview":"true"}
2016-02-23T05:19:18+01:00 : 2|admin|asset|get-image-thumbnail|{"id":"18","treepreview":"true"}
2016-02-23T05:19:21+01:00 : 2|admin|asset|get-image-thumbnail|{"id":"3","treepreview":"true"}
2016-02-23T05:19:21+01:00 : 2|admin|asset|get-image-thumbnail|{"id":"4","treepreview":"true"}
2016-02-23T05:19:21+01:00 : 2|admin|asset|get-image-thumbnail|{"id":"2","treepreview":"true"}
2016-02-23T05:19:21+01:00 : 2|admin|asset|get-image-thumbnail|{"id":"5","treepreview":"true"}
2016-02-23T05:19:21+01:00 : 2|admin|asset|get-image-thumbnail|{"id":"6","treepreview":"true"}
2016-02-23T05:19:21+01:00 : 2|admin|asset|get-image-thumbnail|{"id":"7","treepreview":"true"}
2016-02-23T05:20:10+01:00 : 2|admin|misc|ping|[]
2016-02-23T05:21:10+01:00 : 2|admin|misc|ping|[]
2016-02-23T05:22:10+01:00 : 2|admin|misc|ping|[]
2016-02-23T05:23:10+01:00 : 2|admin|misc|ping|[]
2016-02-23T05:23:42+01:00 : 2|admin|object|get-folder|{"id":"6"}
2016-02-23T05:23:45+01:00 : 2|admin|object|get-folder|{"id":"2"}
2016-02-23T05:23:45+01:00 : 2|admin|object-helper|grid-get-column-config|{"id":"1","objectId":"2","gridtype":"grid"}
2016-02-23T05:23:45+01:00 : 2|admin|object|grid-proxy|{"classId":"1","folderId":"2","language":"en","limit":"20","class":"trainer","only_direct_children":"false","xaction":"read"}
2016-02-23T05:24:10+01:00 : 2|admin|misc|ping|[]
2016-02-23T05:25:09+01:00 : 2|admin|misc|ping|[]
2016-02-23T05:25:17+01:00 : 2|admin|misc|get-valid-filename|{"value":"cize"}
2016-02-23T05:25:17+01:00 : 2|admin|object|add|{"className":"program","classId":"2","parentId":"6","key":"cize"}
2016-02-23T05:25:18+01:00 : 2|admin|object|get|{"id":"7"}
2016-02-23T05:25:18+01:00 : 2|admin|object|tree-get-childs-by-id|{"limit":"30","start":"0","total":"0","node":"6"}
2016-02-23T05:25:18+01:00 : 2|admin|object|tree-get-childs-by-id|{"limit":"30","start":"0","total":"0","node":"7"}
2016-02-23T05:25:32+01:00 : 2|admin|element|unlock-element|{"id":"2","type":"object"}
2016-02-23T05:25:34+01:00 : 2|admin|object|tree-get-childs-by-id|{"limit":"30","start":"0","total":"0","node":"2"}
2016-02-23T05:25:34+01:00 : 2|admin|object|tree-get-childs-by-id|{"limit":"30","start":"0","total":"0","node":"5"}
2016-02-23T05:25:34+01:00 : 2|admin|object|tree-get-childs-by-id|{"limit":"30","start":"0","total":"0","node":"4"}
2016-02-23T05:25:34+01:00 : 2|admin|object|tree-get-childs-by-id|{"limit":"30","start":"0","total":"0","node":"3"}
2016-02-23T05:25:39+01:00 : 2|admin|translation|add-admin-translation-keys|{"keys":"[\"master (admin mode)\",\"master\",\"trainer..."}
2016-02-23T05:25:56+01:00 : 2|admin|object|save|{"task":"unpublish","id":"7","data":"{\"trainerID\":[]}","general":"{\"o_className\":\"program\",\"o_published\":f..."}
2016-02-23T05:25:56+01:00 : 2|admin|object|get-versions|{"id":"7"}
2016-02-23T05:26:03+01:00 : 2|admin|class|get-tree|{"grouped":"1","node":"0"}
2016-02-23T05:26:06+01:00 : 2|admin|class|get|{"id":"2"}
2016-02-23T05:26:06+01:00 : 2|admin|index|index|[]
2016-02-23T05:26:09+01:00 : 2|admin|misc|ping|[]
2016-02-23T05:26:10+01:00 : 2|admin|class|get-tree|[]
2016-02-23T05:26:43+01:00 : 2|admin|class|get-tree|[]
2016-02-23T05:26:51+01:00 : 2|admin|class|get-tree|[]
2016-02-23T05:27:09+01:00 : 2|admin|misc|ping|[]
2016-02-23T05:27:20+01:00 : 2|admin|class|save|{"configuration":"{\"childs\":[{\"name\":\"Layout\",\"datatype\":\"...","values":"{\"id\":2,\"name\":\"program\",\"description\":\"...","id":"2"}
2016-02-23T05:27:21+01:00 : 2|admin|class|get-tree|{"grouped":"1","node":"0"}
2016-02-23T05:27:21+01:00 : 2|admin|class|get-tree|[]
2016-02-23T05:27:25+01:00 : 2|admin|element|unlock-element|{"id":"7","type":"object"}
2016-02-23T05:27:25+01:00 : 2|admin|object|get|{"id":"7","layoutId":"null"}
2016-02-23T05:27:40+01:00 : 2|admin|class|get-tree|[]
2016-02-23T05:27:53+01:00 : 2|admin|class|save|{"configuration":"{\"childs\":[{\"name\":\"Layout\",\"datatype\":\"...","values":"{\"id\":2,\"name\":\"program\",\"description\":\"...","id":"2"}
2016-02-23T05:27:54+01:00 : 2|admin|class|get-tree|{"grouped":"1","node":"0"}
2016-02-23T05:27:54+01:00 : 2|admin|class|get-tree|[]
2016-02-23T05:28:00+01:00 : 2|admin|element|unlock-element|{"id":"7","type":"object"}
2016-02-23T05:28:00+01:00 : 2|admin|object|get|{"id":"7","layoutId":"null"}
2016-02-23T05:28:09+01:00 : 2|admin|misc|ping|[]
2016-02-23T05:28:13+01:00 : 2|admin|class|save|{"configuration":"{\"childs\":[{\"name\":\"Layout\",\"datatype\":\"...","values":"{\"id\":2,\"name\":\"program\",\"description\":\"...","id":"2"}
2016-02-23T05:28:14+01:00 : 2|admin|class|get-tree|{"grouped":"1","node":"0"}
2016-02-23T05:28:14+01:00 : 2|admin|class|get-tree|[]
2016-02-23T05:28:19+01:00 : 2|admin|element|unlock-element|{"id":"7","type":"object"}
2016-02-23T05:28:19+01:00 : 2|admin|object|get|{"id":"7","layoutId":"null"}
2016-02-23T05:28:49+01:00 : 2|admin|class|save|{"configuration":"{\"childs\":[{\"name\":\"Layout\",\"datatype\":\"...","values":"{\"id\":2,\"name\":\"program\",\"description\":\"...","id":"2"}
2016-02-23T05:28:50+01:00 : 2|admin|class|get-tree|[]
2016-02-23T05:28:50+01:00 : 2|admin|class|get-tree|{"grouped":"1","node":"0"}
2016-02-23T05:29:02+01:00 : 2|admin|element|unlock-element|{"id":"7","type":"object"}
2016-02-23T05:29:02+01:00 : 2|admin|object|get|{"id":"7","layoutId":"null"}
2016-02-23T05:29:09+01:00 : 2|admin|misc|ping|[]
2016-02-23T05:29:45+01:00 : 2|admin|class|save|{"configuration":"{\"childs\":[{\"name\":\"Layout\",\"datatype\":\"...","values":"{\"id\":2,\"name\":\"program\",\"description\":\"...","id":"2"}
2016-02-23T05:29:46+01:00 : 2|admin|class|get-tree|[]
2016-02-23T05:29:46+01:00 : 2|admin|class|get-tree|{"grouped":"1","node":"0"}
2016-02-23T05:29:50+01:00 : 2|admin|element|unlock-element|{"id":"7","type":"object"}
2016-02-23T05:29:50+01:00 : 2|admin|object|get|{"id":"7","layoutId":"null"}
2016-02-23T05:30:09+01:00 : 2|admin|misc|ping|[]
2016-02-23T05:30:20+01:00 : 2|admin|settings|thumbnail-tree|{"node":"0"}
2016-02-23T05:31:09+01:00 : 2|admin|misc|ping|[]
2016-02-23T05:32:10+01:00 : 2|admin|misc|ping|[]
2016-02-23T05:33:09+01:00 : 2|admin|misc|ping|[]
2016-02-23T05:33:32+01:00 : 2|admin|class|save|{"configuration":"{\"childs\":[{\"name\":\"Layout\",\"datatype\":\"...","values":"{\"id\":2,\"name\":\"program\",\"description\":\"...","id":"2"}
2016-02-23T05:33:32+01:00 : 2|admin|class|get-tree|[]
2016-02-23T05:33:32+01:00 : 2|admin|class|get-tree|{"grouped":"1","node":"0"}
2016-02-23T05:33:39+01:00 : 2|admin|object|save|{"task":"unpublish","id":"7","data":"{\"trainerID\":[{\"id\":5,\"path\":\"\\\/trainers...","general":"{\"o_className\":\"program\",\"o_published\":f..."}
2016-02-23T05:33:40+01:00 : 2|admin|object|get-versions|{"id":"7"}
2016-02-23T05:33:41+01:00 : 2|admin|element|unlock-element|{"id":"7","type":"object"}
2016-02-23T05:33:42+01:00 : 2|admin|object|get|{"id":"7","layoutId":"null"}
2016-02-23T05:33:54+01:00 : 2|admin|class|get|{"id":"1"}
2016-02-23T05:33:54+01:00 : 2|admin|index|index|[]
2016-02-23T05:34:09+01:00 : 2|admin|class|save|{"configuration":"{\"childs\":[{\"name\":\"Layout\",\"datatype\":\"...","values":"{\"id\":1,\"name\":\"trainer\",\"description\":\"...","id":"1"}
2016-02-23T05:34:09+01:00 : 2|admin|class|get-tree|[]
2016-02-23T05:34:09+01:00 : 2|admin|class|get-tree|{"grouped":"1","node":"0"}
2016-02-23T05:34:09+01:00 : 2|admin|misc|ping|[]
2016-02-23T05:34:12+01:00 : 2|admin|class|get|{"id":"4"}
2016-02-23T05:34:13+01:00 : 2|admin|index|index|[]
2016-02-23T05:34:21+01:00 : 2|admin|class|save|{"configuration":"{\"childs\":[{\"name\":\"Layout\",\"datatype\":\"...","values":"{\"id\":4,\"name\":\"workout\",\"description\":\"...","id":"4"}
2016-02-23T05:34:21+01:00 : 2|admin|class|get-tree|[]
2016-02-23T05:34:21+01:00 : 2|admin|class|get-tree|{"grouped":"1","node":"0"}
2016-02-23T05:34:24+01:00 : 2|admin|class|get|{"id":"3"}
2016-02-23T05:34:24+01:00 : 2|admin|index|index|[]
2016-02-23T05:34:34+01:00 : 2|admin|class|save|{"configuration":"{\"childs\":[{\"name\":\"Layout\",\"datatype\":\"...","values":"{\"id\":3,\"name\":\"workoutgroup\",\"descripti...","id":"3"}
2016-02-23T05:34:35+01:00 : 2|admin|class|get-tree|{"grouped":"1","node":"0"}
2016-02-23T05:34:35+01:00 : 2|admin|class|get-tree|[]
2016-02-23T05:34:50+01:00 : 2|admin|element|unlock-element|{"id":"7","type":"object"}
2016-02-23T05:34:50+01:00 : 2|admin|object|get|{"id":"7","layoutId":"null"}
2016-02-23T05:35:10+01:00 : 2|admin|misc|ping|[]
2016-02-23T05:36:10+01:00 : 2|admin|misc|ping|[]
2016-02-23T05:36:34+01:00 : 2|admin|asset|get-image-thumbnail|{"id":"17","treepreview":"true"}
2016-02-23T05:36:34+01:00 : 2|admin|asset|get-image-thumbnail|{"id":"21","treepreview":"true"}
2016-02-23T05:36:34+01:00 : 2|admin|asset|get-image-thumbnail|{"id":"19","treepreview":"true"}
2016-02-23T05:36:35+01:00 : 2|admin|asset|get-image-thumbnail|{"id":"18","treepreview":"true"}
2016-02-23T05:36:35+01:00 : 2|admin|asset|get-image-thumbnail|{"id":"20","treepreview":"true"}
2016-02-23T05:36:35+01:00 : 2|admin|asset|tree-get-childs-by-id|{"limit":"50","start":"0","node":"16"}
2016-02-23T05:36:59+01:00 : 2|admin|asset|import-url|{"id":"16","url":"http:\/\/imgclub.teambeachbody.com\/club-te..."}
2016-02-23T05:37:06+01:00 : 2|admin|asset|tree-get-childs-by-id|{"limit":"50","start":"0","total":"5","node":"16"}
2016-02-23T05:37:09+01:00 : 2|admin|misc|ping|[]
2016-02-23T05:37:11+01:00 : 2|admin|asset|get-image-thumbnail|{"id":"8","treepreview":"true"}
2016-02-23T05:37:11+01:00 : 2|admin|asset|get-image-thumbnail|{"id":"5","treepreview":"true"}
2016-02-23T05:37:11+01:00 : 2|admin|asset|get-image-thumbnail|{"id":"3","treepreview":"true"}
2016-02-23T05:37:11+01:00 : 2|admin|asset|get-image-thumbnail|{"id":"7","treepreview":"true"}
2016-02-23T05:37:11+01:00 : 2|admin|asset|get-image-thumbnail|{"id":"6","treepreview":"true"}
2016-02-23T05:37:11+01:00 : 2|admin|asset|get-image-thumbnail|{"id":"4","treepreview":"true"}
2016-02-23T05:37:11+01:00 : 2|admin|asset|get-image-thumbnail|{"id":"2","treepreview":"true"}
2016-02-23T05:37:11+01:00 : 2|admin|asset|get-image-thumbnail|{"id":"22","treepreview":"true"}
2016-02-23T05:37:15+01:00 : 2|admin|asset|get-image-thumbnail|{"id":"22","width":"490","height":"243","contain":"true"}
2016-02-23T05:37:29+01:00 : 2|admin|object|save|{"task":"unpublish","id":"7","data":"{\"pimage\":22}","general":"{\"o_className\":\"program\",\"o_published\":f..."}
2016-02-23T05:37:29+01:00 : 2|admin|object|get-versions|{"id":"7"}
2016-02-23T05:37:31+01:00 : 2|admin|class|get|{"id":"2"}
2016-02-23T05:37:32+01:00 : 2|admin|index|index|[]
2016-02-23T05:37:33+01:00 : 2|admin|asset|get-image-thumbnail|{"id":"3","treepreview":"true"}
2016-02-23T05:37:33+01:00 : 2|admin|asset|get-image-thumbnail|{"id":"2","treepreview":"true"}
2016-02-23T05:37:33+01:00 : 2|admin|asset|get-image-thumbnail|{"id":"6","treepreview":"true"}
2016-02-23T05:37:33+01:00 : 2|admin|asset|get-image-thumbnail|{"id":"5","treepreview":"true"}
2016-02-23T05:37:33+01:00 : 2|admin|asset|get-image-thumbnail|{"id":"7","treepreview":"true"}
2016-02-23T05:37:33+01:00 : 2|admin|asset|get-image-thumbnail|{"id":"4","treepreview":"true"}
2016-02-23T05:38:09+01:00 : 2|admin|misc|ping|[]
2016-02-23T05:39:10+01:00 : 2|admin|misc|ping|[]
2016-02-23T05:40:02+01:00 : 2|admin|class|save|{"configuration":"{\"childs\":[{\"name\":\"Layout\",\"datatype\":\"...","values":"{\"id\":2,\"name\":\"program\",\"description\":\"...","id":"2"}
2016-02-23T05:40:03+01:00 : 2|admin|class|get-tree|[]
2016-02-23T05:40:03+01:00 : 2|admin|class|get-tree|{"grouped":"1","node":"0"}
2016-02-23T05:40:06+01:00 : 2|admin|element|unlock-element|{"id":"7","type":"object"}
2016-02-23T05:40:07+01:00 : 2|admin|object|get|{"id":"7","layoutId":"null"}
2016-02-23T05:40:09+01:00 : 2|admin|misc|ping|[]
2016-02-23T05:41:09+01:00 : 2|admin|misc|ping|[]
2016-02-23T05:42:09+01:00 : 2|admin|misc|ping|[]
2016-02-23T05:43:09+01:00 : 2|admin|misc|ping|[]
2016-02-23T05:43:20+01:00 : 2|admin|class|save|{"configuration":"{\"childs\":[{\"name\":\"Layout\",\"datatype\":\"...","values":"{\"id\":2,\"name\":\"program\",\"description\":\"...","id":"2"}
2016-02-23T05:43:21+01:00 : 2|admin|class|get-tree|{"grouped":"1","node":"0"}
2016-02-23T05:43:21+01:00 : 2|admin|class|get-tree|[]
2016-02-23T05:43:26+01:00 : 2|admin|element|unlock-element|{"id":"7","type":"object"}
2016-02-23T05:43:26+01:00 : 2|admin|object|get|{"id":"7","layoutId":"null"}
2016-02-23T05:43:39+01:00 : 2|admin|translation|add-admin-translation-keys|{"keys":"[\"trainer image\"]"}
2016-02-23T05:44:09+01:00 : 2|admin|misc|ping|[]
2016-02-23T05:44:29+01:00 : 2|admin|class|save|{"configuration":"{\"childs\":[{\"name\":\"Layout\",\"datatype\":\"...","values":"{\"id\":2,\"name\":\"program\",\"description\":\"...","id":"2"}
2016-02-23T05:44:29+01:00 : 2|admin|class|get-tree|[]
2016-02-23T05:44:29+01:00 : 2|admin|class|get-tree|{"grouped":"1","node":"0"}
2016-02-23T05:44:55+01:00 : 2|admin|asset|get-image-thumbnail|{"id":"19","treepreview":"true"}
2016-02-23T05:44:55+01:00 : 2|admin|asset|get-image-thumbnail|{"id":"17","treepreview":"true"}
2016-02-23T05:44:55+01:00 : 2|admin|asset|get-image-thumbnail|{"id":"21","treepreview":"true"}
2016-02-23T05:44:55+01:00 : 2|admin|asset|get-image-thumbnail|{"id":"22","treepreview":"true"}
2016-02-23T05:44:55+01:00 : 2|admin|asset|get-image-thumbnail|{"id":"20","treepreview":"true"}
2016-02-23T05:44:55+01:00 : 2|admin|asset|get-image-thumbnail|{"id":"18","treepreview":"true"}
2016-02-23T05:44:55+01:00 : 2|admin|asset|get-image-thumbnail|{"id":"17","treepreview":"true"}
2016-02-23T05:45:00+01:00 : 2|admin|asset|get-image-thumbnail|{"id":"21","treepreview":"true"}
2016-02-23T05:45:00+01:00 : 2|admin|asset|get-image-thumbnail|{"id":"20","treepreview":"true"}
2016-02-23T05:45:01+01:00 : 2|admin|asset|get-image-thumbnail|{"id":"17","treepreview":"true"}
2016-02-23T05:45:01+01:00 : 2|admin|asset|get-image-thumbnail|{"id":"17","treepreview":"true"}
2016-02-23T05:45:01+01:00 : 2|admin|asset|get-image-thumbnail|{"id":"21","treepreview":"true"}
2016-02-23T05:45:01+01:00 : 2|admin|asset|get-image-thumbnail|{"id":"18","treepreview":"true"}
2016-02-23T05:45:01+01:00 : 2|admin|asset|get-image-thumbnail|{"id":"19","treepreview":"true"}
2016-02-23T05:45:01+01:00 : 2|admin|asset|get-image-thumbnail|{"id":"17","treepreview":"true"}
2016-02-23T05:45:01+01:00 : 2|admin|asset|get-image-thumbnail|{"id":"18","treepreview":"true"}
2016-02-23T05:45:01+01:00 : 2|admin|asset|get-image-thumbnail|{"id":"17","treepreview":"true"}
2016-02-23T05:45:01+01:00 : 2|admin|asset|get-image-thumbnail|{"id":"19","treepreview":"true"}
2016-02-23T05:45:01+01:00 : 2|admin|asset|get-image-thumbnail|{"id":"21","treepreview":"true"}
2016-02-23T05:45:02+01:00 : 2|admin|element|unlock-element|{"id":"7","type":"object"}
2016-02-23T05:45:03+01:00 : 2|admin|asset|get-image-thumbnail|{"id":"7","treepreview":"true"}
2016-02-23T05:45:03+01:00 : 2|admin|asset|get-image-thumbnail|{"id":"3","treepreview":"true"}
2016-02-23T05:45:03+01:00 : 2|admin|asset|get-image-thumbnail|{"id":"4","treepreview":"true"}
2016-02-23T05:45:03+01:00 : 2|admin|asset|get-image-thumbnail|{"id":"2","treepreview":"true"}
2016-02-23T05:45:03+01:00 : 2|admin|asset|get-image-thumbnail|{"id":"5","treepreview":"true"}
2016-02-23T05:45:03+01:00 : 2|admin|asset|get-image-thumbnail|{"id":"6","treepreview":"true"}
2016-02-23T05:45:03+01:00 : 2|admin|asset|get-image-thumbnail|{"id":"9","treepreview":"true"}
2016-02-23T05:45:03+01:00 : 2|admin|asset|get-image-thumbnail|{"id":"8","treepreview":"true"}
2016-02-23T05:45:03+01:00 : 2|admin|asset|get-image-thumbnail|{"id":"12","treepreview":"true"}
2016-02-23T05:45:03+01:00 : 2|admin|asset|get-image-thumbnail|{"id":"10","treepreview":"true"}
2016-02-23T05:45:04+01:00 : 2|admin|asset|get-image-thumbnail|{"id":"13","treepreview":"true"}
2016-02-23T05:45:04+01:00 : 2|admin|asset|get-image-thumbnail|{"id":"11","treepreview":"true"}
2016-02-23T05:45:04+01:00 : 2|admin|asset|get-image-thumbnail|{"id":"14","treepreview":"true"}
2016-02-23T05:45:04+01:00 : 2|admin|asset|get-image-thumbnail|{"id":"18","treepreview":"true"}
2016-02-23T05:45:04+01:00 : 2|admin|asset|get-image-thumbnail|{"id":"19","treepreview":"true"}
2016-02-23T05:45:04+01:00 : 2|admin|asset|get-image-thumbnail|{"id":"21","treepreview":"true"}
2016-02-23T05:45:04+01:00 : 2|admin|asset|get-image-thumbnail|{"id":"18","treepreview":"true"}
2016-02-23T05:45:04+01:00 : 2|admin|asset|get-image-thumbnail|{"id":"19","treepreview":"true"}
2016-02-23T05:45:04+01:00 : 2|admin|asset|get-image-thumbnail|{"id":"21","treepreview":"true"}
2016-02-23T05:45:05+01:00 : 2|admin|asset|get-image-thumbnail|{"id":"11","treepreview":"true"}
2016-02-23T05:45:05+01:00 : 2|admin|asset|get-image-thumbnail|{"id":"14","treepreview":"true"}
2016-02-23T05:45:08+01:00 : 2|admin|object|get|{"id":"7"}
2016-02-23T05:45:08+01:00 : 2|admin|asset|get-image-thumbnail|{"id":"22","width":"490","height":"243","contain":"true"}
2016-02-23T05:45:09+01:00 : 2|admin|misc|ping|[]
2016-02-23T05:45:37+01:00 : 2|admin|index|index|[]
2016-02-23T05:45:39+01:00 : 2|admin|class|save|{"configuration":"{\"childs\":[{\"name\":\"Layout\",\"datatype\":\"...","values":"{\"id\":2,\"name\":\"program\",\"description\":\"...","id":"2"}
2016-02-23T05:45:40+01:00 : 2|admin|class|get-tree|[]
2016-02-23T05:45:40+01:00 : 2|admin|class|get-tree|{"grouped":"1","node":"0"}
2016-02-23T05:45:45+01:00 : 2|admin|element|unlock-element|{"id":"7","type":"object"}
2016-02-23T05:45:46+01:00 : 2|admin|object|get|{"id":"7","layoutId":"null"}
2016-02-23T05:46:09+01:00 : 2|admin|misc|ping|[]
2016-02-23T05:47:10+01:00 : 2|admin|misc|ping|[]
2016-02-23T05:48:10+01:00 : 2|admin|misc|ping|[]
2016-02-23T05:49:10+01:00 : 2|admin|misc|ping|[]
2016-02-23T05:50:10+01:00 : 2|admin|misc|ping|[]
2016-02-23T05:51:10+01:00 : 2|admin|misc|ping|[]
2016-02-23T05:52:10+01:00 : 2|admin|misc|ping|[]
2016-02-23T05:53:09+01:00 : 2|admin|misc|ping|[]
2016-02-23T05:54:09+01:00 : 2|admin|misc|ping|[]
2016-02-23T05:54:48+01:00 : 2|admin|class|save|{"configuration":"{\"childs\":[{\"name\":\"Layout\",\"datatype\":\"...","values":"{\"id\":2,\"name\":\"program\",\"description\":\"...","id":"2"}
2016-02-23T05:54:49+01:00 : 2|admin|class|get-tree|{"grouped":"1","node":"0"}
2016-02-23T05:54:49+01:00 : 2|admin|class|get-tree|[]
2016-02-23T05:54:53+01:00 : 2|admin|element|unlock-element|{"id":"7","type":"object"}
2016-02-23T05:54:53+01:00 : 2|admin|object|get|{"id":"7","layoutId":"null"}
2016-02-23T05:55:09+01:00 : 2|admin|misc|ping|[]
2016-02-23T05:56:03+01:00 : 2|admin|class|save|{"configuration":"{\"childs\":[{\"name\":\"Layout\",\"datatype\":\"...","values":"{\"id\":2,\"name\":\"program\",\"description\":\"...","id":"2"}
2016-02-23T05:56:04+01:00 : 2|admin|class|get-tree|{"grouped":"1","node":"0"}
2016-02-23T05:56:04+01:00 : 2|admin|class|get-tree|[]
2016-02-23T05:56:09+01:00 : 2|admin|misc|ping|[]
2016-02-23T05:56:11+01:00 : 2|admin|class|save|{"configuration":"{\"childs\":[{\"name\":\"Layout\",\"datatype\":\"...","values":"{\"id\":2,\"name\":\"program\",\"description\":\"...","id":"2"}
2016-02-23T05:56:11+01:00 : 2|admin|class|get-tree|[]
2016-02-23T05:56:11+01:00 : 2|admin|class|get-tree|{"grouped":"1","node":"0"}
2016-02-23T05:56:14+01:00 : 2|admin|element|unlock-element|{"id":"7","type":"object"}
2016-02-23T05:56:15+01:00 : 2|admin|object|get|{"id":"7","layoutId":"null"}
2016-02-23T05:57:09+01:00 : 2|admin|misc|ping|[]
2016-02-23T05:58:09+01:00 : 2|admin|misc|ping|[]
2016-02-23T05:59:09+01:00 : 2|admin|misc|ping|[]
2016-02-23T06:00:09+01:00 : 2|admin|misc|ping|[]
2016-02-23T06:01:09+01:00 : 2|admin|misc|ping|[]
2016-02-23T06:02:09+01:00 : 2|admin|misc|ping|[]
2016-02-23T06:03:09+01:00 : 2|admin|misc|ping|[]
2016-02-23T06:04:09+01:00 : 2|admin|misc|ping|[]
2016-02-23T06:05:09+01:00 : 2|admin|misc|ping|[]
2016-02-23T06:06:09+01:00 : 2|admin|misc|ping|[]
2016-02-23T06:07:09+01:00 : 2|admin|misc|ping|[]
2016-02-23T06:08:09+01:00 : 2|admin|misc|ping|[]
2016-02-23T06:09:09+01:00 : 2|admin|misc|ping|[]
2016-02-23T06:10:09+01:00 : 2|admin|misc|ping|[]
2016-02-23T06:11:09+01:00 : 2|admin|misc|ping|[]
2016-02-23T06:12:09+01:00 : 2|admin|misc|ping|[]
2016-02-23T06:13:09+01:00 : 2|admin|misc|ping|[]
2016-02-23T06:14:09+01:00 : 2|admin|misc|ping|[]
2016-02-23T06:15:09+01:00 : 2|admin|misc|ping|[]
2016-02-23T06:16:09+01:00 : 2|admin|misc|ping|[]
2016-02-23T06:17:09+01:00 : 2|admin|misc|ping|[]
2016-02-23T06:18:09+01:00 : 2|admin|misc|ping|[]
2016-02-23T06:19:09+01:00 : 2|admin|misc|ping|[]
2016-02-23T06:20:09+01:00 : 2|admin|misc|ping|[]
2016-02-23T06:21:09+01:00 : 2|admin|misc|ping|[]
2016-02-23T06:22:09+01:00 : 2|admin|misc|ping|[]
2016-02-23T06:23:09+01:00 : 2|admin|misc|ping|[]
2016-02-23T06:24:09+01:00 : 2|admin|misc|ping|[]
2016-02-23T06:25:09+01:00 : 2|admin|misc|ping|[]
2016-02-23T06:25:48+01:00 : 2|admin|class|save|{"configuration":"{\"childs\":[{\"name\":\"Layout\",\"datatype\":\"...","values":"{\"id\":2,\"name\":\"program\",\"description\":\"...","id":"2"}
2016-02-23T06:25:49+01:00 : 2|admin|class|get-tree|[]
2016-02-23T06:25:49+01:00 : 2|admin|class|get-tree|{"grouped":"1","node":"0"}
2016-02-23T06:25:54+01:00 : 2|admin|class|save|{"configuration":"{\"childs\":[{\"name\":\"Layout\",\"datatype\":\"...","values":"{\"id\":2,\"name\":\"program\",\"description\":\"...","id":"2"}
2016-02-23T06:25:55+01:00 : 2|admin|class|get-tree|{"grouped":"1","node":"0"}
2016-02-23T06:25:55+01:00 : 2|admin|class|get-tree|[]
2016-02-23T06:25:57+01:00 : 2|admin|element|unlock-element|{"id":"7","type":"object"}
2016-02-23T06:25:58+01:00 : 2|admin|object|get|{"id":"7","layoutId":"null"}
2016-02-23T06:26:09+01:00 : 2|admin|misc|ping|[]
2016-02-23T06:26:29+01:00 : 2|admin|class|save|{"configuration":"{\"childs\":[{\"name\":\"Layout\",\"datatype\":\"...","values":"{\"id\":2,\"name\":\"program\",\"description\":\"...","id":"2"}
2016-02-23T06:26:29+01:00 : 2|admin|class|get-tree|{"grouped":"1","node":"0"}
2016-02-23T06:26:29+01:00 : 2|admin|class|get-tree|[]
2016-02-23T06:26:32+01:00 : 2|admin|element|unlock-element|{"id":"7","type":"object"}
2016-02-23T06:26:33+01:00 : 2|admin|object|get|{"id":"7","layoutId":"null"}
2016-02-23T06:26:43+01:00 : 2|admin|class|save|{"configuration":"{\"childs\":[{\"name\":\"Layout\",\"datatype\":\"...","values":"{\"id\":2,\"name\":\"program\",\"description\":\"...","id":"2"}
2016-02-23T06:26:44+01:00 : 2|admin|class|get-tree|{"grouped":"1","node":"0"}
2016-02-23T06:26:44+01:00 : 2|admin|class|get-tree|[]
2016-02-23T06:26:46+01:00 : 2|admin|element|unlock-element|{"id":"7","type":"object"}
2016-02-23T06:26:47+01:00 : 2|admin|object|get|{"id":"7","layoutId":"null"}
2016-02-23T06:27:09+01:00 : 2|admin|misc|ping|[]
2016-02-23T06:27:18+01:00 : 2|admin|class|save|{"configuration":"{\"childs\":[{\"name\":\"Layout\",\"datatype\":\"...","values":"{\"id\":2,\"name\":\"program\",\"description\":\"...","id":"2"}
2016-02-23T06:27:19+01:00 : 2|admin|class|get-tree|{"grouped":"1","node":"0"}
2016-02-23T06:27:19+01:00 : 2|admin|class|get-tree|[]
2016-02-23T06:27:30+01:00 : 2|admin|class|save|{"configuration":"{\"childs\":[{\"name\":\"Layout\",\"datatype\":\"...","values":"{\"id\":2,\"name\":\"program\",\"description\":\"...","id":"2"}
2016-02-23T06:27:31+01:00 : 2|admin|class|get-tree|{"grouped":"1","node":"0"}
2016-02-23T06:27:31+01:00 : 2|admin|class|get-tree|[]
2016-02-23T06:27:33+01:00 : 2|admin|element|unlock-element|{"id":"7","type":"object"}
2016-02-23T06:27:33+01:00 : 2|admin|object|get|{"id":"7","layoutId":"null"}
2016-02-23T06:27:57+01:00 : 2|admin|class|save|{"configuration":"{\"childs\":[{\"name\":\"Layout\",\"datatype\":\"...","values":"{\"id\":2,\"name\":\"program\",\"description\":\"...","id":"2"}
2016-02-23T06:27:58+01:00 : 2|admin|class|get-tree|[]
2016-02-23T06:27:58+01:00 : 2|admin|class|get-tree|{"grouped":"1","node":"0"}
2016-02-23T06:28:02+01:00 : 2|admin|element|unlock-element|{"id":"7","type":"object"}
2016-02-23T06:28:03+01:00 : 2|admin|object|get|{"id":"7","layoutId":"null"}
2016-02-23T06:28:09+01:00 : 2|admin|misc|ping|[]
2016-02-23T06:28:34+01:00 : 2|admin|class|save|{"configuration":"{\"childs\":[{\"name\":\"Layout\",\"datatype\":\"...","values":"{\"id\":2,\"name\":\"program\",\"description\":\"...","id":"2"}
2016-02-23T06:28:34+01:00 : 2|admin|class|get-tree|[]
2016-02-23T06:28:34+01:00 : 2|admin|class|get-tree|{"grouped":"1","node":"0"}
2016-02-23T06:28:37+01:00 : 2|admin|element|unlock-element|{"id":"7","type":"object"}
2016-02-23T06:28:38+01:00 : 2|admin|object|get|{"id":"7","layoutId":"null"}
2016-02-23T06:28:58+01:00 : 2|admin|class|save|{"configuration":"{\"childs\":[{\"name\":\"Layout\",\"datatype\":\"...","values":"{\"id\":2,\"name\":\"program\",\"description\":\"...","id":"2"}
2016-02-23T06:28:58+01:00 : 2|admin|class|get-tree|{"grouped":"1","node":"0"}
2016-02-23T06:28:58+01:00 : 2|admin|class|get-tree|[]
2016-02-23T06:29:01+01:00 : 2|admin|element|unlock-element|{"id":"7","type":"object"}
2016-02-23T06:29:01+01:00 : 2|admin|object|get|{"id":"7","layoutId":"null"}
2016-02-23T06:29:09+01:00 : 2|admin|misc|ping|[]
2016-02-23T06:30:09+01:00 : 2|admin|misc|ping|[]
2016-02-23T06:30:29+01:00 : 2|admin|class|save|{"configuration":"{\"childs\":[{\"name\":\"Layout\",\"datatype\":\"...","values":"{\"id\":2,\"name\":\"program\",\"description\":\"...","id":"2"}
2016-02-23T06:30:29+01:00 : 2|admin|class|get-tree|{"grouped":"1","node":"0"}
2016-02-23T06:30:29+01:00 : 2|admin|class|get-tree|[]
2016-02-23T06:31:09+01:00 : 2|admin|misc|ping|[]
2016-02-23T06:31:10+01:00 : 2|admin|class|save|{"configuration":"{\"childs\":[{\"name\":\"Layout\",\"datatype\":\"...","values":"{\"id\":2,\"name\":\"program\",\"description\":\"...","id":"2"}
2016-02-23T06:31:11+01:00 : 2|admin|class|get-tree|{"grouped":"1","node":"0"}
2016-02-23T06:31:11+01:00 : 2|admin|class|get-tree|[]
2016-02-23T06:31:16+01:00 : 2|admin|element|unlock-element|{"id":"7","type":"object"}
2016-02-23T06:31:16+01:00 : 2|admin|object|get|{"id":"7","layoutId":"null"}
2016-02-23T06:31:53+01:00 : 2|admin|class|save|{"configuration":"{\"childs\":[{\"name\":\"Layout\",\"datatype\":\"...","values":"{\"id\":2,\"name\":\"program\",\"description\":\"...","id":"2"}
2016-02-23T06:31:53+01:00 : 2|admin|class|get-tree|[]
2016-02-23T06:31:53+01:00 : 2|admin|class|get-tree|{"grouped":"1","node":"0"}
2016-02-23T06:31:55+01:00 : 2|admin|element|unlock-element|{"id":"7","type":"object"}
2016-02-23T06:31:56+01:00 : 2|admin|object|get|{"id":"7","layoutId":"null"}
2016-02-23T06:32:09+01:00 : 2|admin|misc|ping|[]
2016-02-23T06:32:13+01:00 : 2|admin|class|save|{"configuration":"{\"childs\":[{\"name\":\"Layout\",\"datatype\":\"...","values":"{\"id\":2,\"name\":\"program\",\"description\":\"...","id":"2"}
2016-02-23T06:32:14+01:00 : 2|admin|class|get-tree|[]
2016-02-23T06:32:14+01:00 : 2|admin|class|get-tree|{"grouped":"1","node":"0"}
2016-02-23T06:32:16+01:00 : 2|admin|element|unlock-element|{"id":"7","type":"object"}
2016-02-23T06:32:16+01:00 : 2|admin|object|get|{"id":"7","layoutId":"null"}
2016-02-23T06:33:09+01:00 : 2|admin|misc|ping|[]
2016-02-23T06:34:10+01:00 : 2|admin|misc|ping|[]
2016-02-23T06:35:10+01:00 : 2|admin|misc|ping|[]
2016-02-23T06:36:10+01:00 : 2|admin|misc|ping|[]
2016-02-23T06:37:10+01:00 : 2|admin|misc|ping|[]
2016-02-23T06:38:09+01:00 : 2|admin|misc|ping|[]
2016-02-23T06:39:09+01:00 : 2|admin|misc|ping|[]
2016-02-23T06:40:09+01:00 : 2|admin|misc|ping|[]
2016-02-23T06:41:09+01:00 : 2|admin|misc|ping|[]
2016-02-23T06:42:09+01:00 : 2|admin|misc|ping|[]
2016-02-23T06:42:10+01:00 : 2|admin|settings|clear-output-cache|[]
2016-02-23T06:42:16+01:00 : 2|admin|settings|clear-cache|[]
2016-02-23T06:42:21+01:00 : 2|admin|settings|clear-temporary-files|[]
2016-02-23T06:43:09+01:00 : 2|admin|misc|ping|[]
2016-02-23T06:44:10+01:00 : 2|admin|misc|ping|[]
2016-02-23T06:45:10+01:00 : 2|admin|misc|ping|[]
2016-02-23T06:46:10+01:00 : 2|admin|misc|ping|[]
2016-02-23T06:47:09+01:00 : 2|admin|misc|ping|[]
2016-02-23T06:48:09+01:00 : 2|admin|misc|ping|[]
2016-02-23T06:49:10+01:00 : 2|admin|misc|ping|[]
2016-02-23T06:50:10+01:00 : 2|admin|misc|ping|[]
2016-02-23T06:51:10+01:00 : 2|admin|misc|ping|[]
2016-02-23T06:52:10+01:00 : 2|admin|misc|ping|[]
2016-02-23T06:53:10+01:00 : 2|admin|misc|ping|[]
2016-02-23T06:54:10+01:00 : 2|admin|misc|ping|[]
2016-02-23T06:55:10+01:00 : 2|admin|misc|ping|[]
2016-02-23T06:56:10+01:00 : 2|admin|misc|ping|[]
2016-02-23T06:57:10+01:00 : 2|admin|misc|ping|[]
2016-02-23T06:58:10+01:00 : 2|admin|misc|ping|[]
2016-02-23T06:59:10+01:00 : 2|admin|misc|ping|[]
2016-02-23T07:00:10+01:00 : 2|admin|misc|ping|[]
2016-02-23T07:01:10+01:00 : 2|admin|misc|ping|[]
2016-02-23T07:02:10+01:00 : 2|admin|misc|ping|[]
2016-02-23T07:03:10+01:00 : 2|admin|misc|ping|[]
2016-02-23T07:04:10+01:00 : 2|admin|misc|ping|[]
2016-02-23T07:05:10+01:00 : 2|admin|misc|ping|[]
2016-02-23T07:06:10+01:00 : 2|admin|misc|ping|[]
2016-02-23T07:07:10+01:00 : 2|admin|misc|ping|[]
2016-02-23T07:08:10+01:00 : 2|admin|misc|ping|[]
2016-02-23T07:09:09+01:00 : 2|admin|misc|ping|[]
2016-02-23T07:10:09+01:00 : 2|admin|misc|ping|[]
2016-02-23T07:11:09+01:00 : 2|admin|misc|ping|[]
2016-02-23T07:12:09+01:00 : 2|admin|misc|ping|[]
2016-02-23T07:13:09+01:00 : 2|admin|misc|ping|[]
2016-02-23T07:14:10+01:00 : 2|admin|misc|ping|[]
2016-02-23T07:15:10+01:00 : 2|admin|misc|ping|[]
2016-02-23T07:16:10+01:00 : 2|admin|misc|ping|[]
2016-02-23T07:17:10+01:00 : 2|admin|misc|ping|[]
2016-02-23T07:18:10+01:00 : 2|admin|misc|ping|[]
2016-02-23T07:19:10+01:00 : 2|admin|misc|ping|[]
2016-02-23T07:20:10+01:00 : 2|admin|misc|ping|[]
2016-02-23T07:21:10+01:00 : 2|admin|misc|ping|[]
2016-02-23T07:22:10+01:00 : 2|admin|misc|ping|[]
2016-02-23T07:23:10+01:00 : 2|admin|misc|ping|[]
2016-02-23T07:24:10+01:00 : 2|admin|misc|ping|[]
2016-02-23T07:25:10+01:00 : 2|admin|misc|ping|[]
2016-02-23T07:26:10+01:00 : 2|admin|misc|ping|[]
2016-02-23T07:27:10+01:00 : 2|admin|misc|ping|[]
2016-02-23T07:28:09+01:00 : 2|admin|misc|ping|[]
2016-02-23T07:29:09+01:00 : 2|admin|misc|ping|[]
2016-02-23T07:30:09+01:00 : 2|admin|misc|ping|[]
2016-02-23T07:30:13+01:00 : 2|admin|asset|get-image-thumbnail|{"id":"19","treepreview":"true"}
2016-02-23T07:30:13+01:00 : 2|admin|asset|get-image-thumbnail|{"id":"20","treepreview":"true"}
2016-02-23T07:30:13+01:00 : 2|admin|asset|get-image-thumbnail|{"id":"17","treepreview":"true"}
2016-02-23T07:30:13+01:00 : 2|admin|asset|get-image-thumbnail|{"id":"21","treepreview":"true"}
2016-02-23T07:30:13+01:00 : 2|admin|asset|get-image-thumbnail|{"id":"18","treepreview":"true"}
2016-02-23T07:31:09+01:00 : 2|admin|misc|ping|[]
2016-02-23T07:31:57+01:00 : 2|admin|asset|get-image-thumbnail|{"id":"5","treepreview":"true"}
2016-02-23T07:31:57+01:00 : 2|admin|asset|get-image-thumbnail|{"id":"7","treepreview":"true"}
2016-02-23T07:31:57+01:00 : 2|admin|asset|get-image-thumbnail|{"id":"3","treepreview":"true"}
2016-02-23T07:31:57+01:00 : 2|admin|asset|get-image-thumbnail|{"id":"2","treepreview":"true"}
2016-02-23T07:31:57+01:00 : 2|admin|asset|get-image-thumbnail|{"id":"6","treepreview":"true"}
2016-02-23T07:31:57+01:00 : 2|admin|asset|get-image-thumbnail|{"id":"4","treepreview":"true"}
2016-02-23T07:31:57+01:00 : 2|admin|asset|get-image-thumbnail|{"id":"8","treepreview":"true"}
2016-02-23T07:31:58+01:00 : 2|admin|asset|get-image-thumbnail|{"id":"12","treepreview":"true"}
2016-02-23T07:31:58+01:00 : 2|admin|asset|get-image-thumbnail|{"id":"10","treepreview":"true"}
2016-02-23T07:31:58+01:00 : 2|admin|asset|get-image-thumbnail|{"id":"9","treepreview":"true"}
2016-02-23T07:31:58+01:00 : 2|admin|asset|get-image-thumbnail|{"id":"13","treepreview":"true"}
2016-02-23T07:31:58+01:00 : 2|admin|asset|get-image-thumbnail|{"id":"11","treepreview":"true"}
2016-02-23T07:31:58+01:00 : 2|admin|asset|get-image-thumbnail|{"id":"14","treepreview":"true"}
2016-02-23T07:32:09+01:00 : 2|admin|misc|ping|[]
2016-02-23T07:33:09+01:00 : 2|admin|misc|ping|[]
2016-02-23T07:34:09+01:00 : 2|admin|misc|ping|[]
2016-02-23T07:35:09+01:00 : 2|admin|misc|ping|[]
2016-02-23T07:36:09+01:00 : 2|admin|misc|ping|[]
2016-02-23T07:37:09+01:00 : 2|admin|misc|ping|[]
2016-02-23T07:38:09+01:00 : 2|admin|misc|ping|[]
2016-02-23T07:39:09+01:00 : 2|admin|misc|ping|[]
2016-02-23T07:40:10+01:00 : 2|admin|misc|ping|[]
2016-02-23T07:41:10+01:00 : 2|admin|misc|ping|[]
2016-02-23T07:42:10+01:00 : 2|admin|misc|ping|[]
2016-02-23T07:43:10+01:00 : 2|admin|misc|ping|[]
2016-02-23T07:44:10+01:00 : 2|admin|misc|ping|[]
2016-02-23T07:44:25+01:00 : 2|admin|asset|get-image-thumbnail|{"id":"19","treepreview":"true"}
2016-02-23T07:44:25+01:00 : 2|admin|asset|get-image-thumbnail|{"id":"21","treepreview":"true"}
2016-02-23T07:44:25+01:00 : 2|admin|asset|get-image-thumbnail|{"id":"20","treepreview":"true"}
2016-02-23T07:44:25+01:00 : 2|admin|asset|get-image-thumbnail|{"id":"17","treepreview":"true"}
2016-02-23T07:44:25+01:00 : 2|admin|asset|get-image-thumbnail|{"id":"18","treepreview":"true"}
2016-02-23T07:45:09+01:00 : 2|admin|misc|ping|[]
2016-02-23T07:46:09+01:00 : 2|admin|misc|ping|[]
2016-02-23T07:47:09+01:00 : 2|admin|misc|ping|[]
2016-02-23T07:48:09+01:00 : 2|admin|misc|ping|[]
2016-02-23T07:49:09+01:00 : 2|admin|misc|ping|[]
2016-02-23T07:50:09+01:00 : 2|admin|misc|ping|[]
2016-02-23T07:50:34+01:00 : 2|admin|settings|clear-output-cache|[]
2016-02-23T07:50:41+01:00 : 2|admin|settings|clear-cache|[]
2016-02-23T07:50:45+01:00 : 2|admin|settings|clear-temporary-files|[]
2016-02-23T07:51:09+01:00 : 2|admin|misc|ping|[]
2016-02-23T07:52:09+01:00 : 2|admin|misc|ping|[]
2016-02-23T07:53:09+01:00 : 2|admin|misc|ping|[]
2016-02-23T07:54:09+01:00 : 2|admin|misc|ping|[]
2016-02-23T07:55:04+01:00 : 2|admin|class|bulk-export|[]
2016-02-23T07:55:09+01:00 : 2|admin|misc|ping|[]
2016-02-23T07:56:10+01:00 : 2|admin|misc|ping|[]
2016-02-23T07:57:10+01:00 : 2|admin|misc|ping|[]
2016-02-23T07:58:10+01:00 : 2|admin|misc|ping|[]
2016-02-23T07:59:10+01:00 : 2|admin|misc|ping|[]
2016-02-23T08:00:10+01:00 : 2|admin|misc|ping|[]
2016-02-23T08:01:10+01:00 : 2|admin|misc|ping|[]
2016-02-23T08:02:09+01:00 : 2|admin|misc|ping|[]
2016-02-23T08:03:10+01:00 : 2|admin|misc|ping|[]
2016-02-23T08:04:10+01:00 : 2|admin|misc|ping|[]
2016-02-23T08:05:10+01:00 : 2|admin|misc|ping|[]
2016-02-23T08:06:10+01:00 : 2|admin|misc|ping|[]
2016-02-23T08:07:10+01:00 : 2|admin|misc|ping|[]
2016-02-23T08:08:10+01:00 : 2|admin|misc|ping|[]
2016-02-23T08:09:10+01:00 : 2|admin|misc|ping|[]
